<?xml version="1.0" encoding="UTF-8"?>
<!-- Generated by org.testng.reporters.JUnitXMLReporter -->
<testsuite ignored="8" hostname="IN-HL5L1J3" failures="2" tests="7" name="Test" time="48.908" errors="0" timestamp="10 Apr 2022 13:02:36 GMT">
  <testcase classname="com.MySeleniumMavenAssignment.tests.NewUserAccountTest" name="NewUserRegistration" time="1.007"/>
  <testcase classname="com.MySeleniumMavenAssignment.tests.SignInTest" name="BlankUserSignIn" time="0.813"/>
  <testcase classname="com.MySeleniumMavenAssignment.tests.SearchboxTest" name="Searchbox" time="2.217"/>
  <testcase classname="com.MySeleniumMavenAssignment.tests.ShoppingCartTest" name="AddToCart" time="8.301"/>
  <testcase classname="com.MySeleniumMavenAssignment.tests.HelpTest" name="Help" time="2.324">
    <failure type="java.lang.AssertionError" message="expected [Helppp - Amazonnn Customer Service] but found [Help - Amazon Customer Service]">
      <![CDATA[java.lang.AssertionError: expected [Helppp - Amazonnn Customer Service] but found [Help - Amazon Customer Service]
at com.MySeleniumMavenAssignment.tests.HelpTest.Help(HelpTest.java:20)
... Removed 35 stack frames]]>
    </failure>
  </testcase> <!-- Help -->
  <testcase classname="com.MySeleniumMavenAssignment.tests.SignInTest" name="ValidUserSignIn" time="3.627"/>
  <testcase classname="com.MySeleniumMavenAssignment.tests.SignInTest" name="InValidUserSignIn" time="1.795">
    <failure type="java.lang.AssertionError" message="expected [Amazonnn Sign In] but found [Amazon Sign In]">
      <![CDATA[java.lang.AssertionError: expected [Amazonnn Sign In] but found [Amazon Sign In]
at com.MySeleniumMavenAssignment.tests.SignInTest.InValidUserSignIn(SignInTest.java:38)
... Removed 35 stack frames]]>
    </failure>
  </testcase> <!-- InValidUserSignIn -->
  <testcase classname="com.MySeleniumMavenAssignment.tests.BaseTest" name="@AfterSuite endReport" time="0.0">
    <ignored/>
  </testcase> <!-- @AfterSuite endReport -->
  <testcase classname="com.MySeleniumMavenAssignment.tests.BaseTest" name="@AfterSuite endReport" time="0.0">
    <ignored/>
  </testcase> <!-- @AfterSuite endReport -->
  <testcase classname="com.MySeleniumMavenAssignment.tests.BaseTest" name="@AfterSuite endReport" time="0.0">
    <ignored/>
  </testcase> <!-- @AfterSuite endReport -->
  <testcase classname="com.MySeleniumMavenAssignment.tests.BaseTest" name="@AfterSuite endReport" time="0.0">
    <ignored/>
  </testcase> <!-- @AfterSuite endReport -->
  <testcase classname="com.MySeleniumMavenAssignment.tests.BaseTest" name="@BeforeSuite setExtent" time="0.0">
    <ignored/>
  </testcase> <!-- @BeforeSuite setExtent -->
  <testcase classname="com.MySeleniumMavenAssignment.tests.BaseTest" name="@BeforeSuite setExtent" time="0.0">
    <ignored/>
  </testcase> <!-- @BeforeSuite setExtent -->
  <testcase classname="com.MySeleniumMavenAssignment.tests.BaseTest" name="@BeforeSuite setExtent" time="0.0">
    <ignored/>
  </testcase> <!-- @BeforeSuite setExtent -->
  <testcase classname="com.MySeleniumMavenAssignment.tests.BaseTest" name="@BeforeSuite setExtent" time="0.0">
    <ignored/>
  </testcase> <!-- @BeforeSuite setExtent -->
</testsuite> <!-- Test -->
