<?xml version="1.0" encoding="UTF-8"?>
<testng-results ignored="8" total="15" passed="5" failed="2" skipped="0">
  <reporter-output>
  </reporter-output>
  <suite started-at="2022-04-10T13:01:47Z" name="Suite" finished-at="2022-04-10T13:02:36Z" duration-ms="48908">
    <groups>
      <group name="invalid">
        <method signature="HelpTest.Help()[pri:0, instance:com.MySeleniumMavenAssignment.tests.HelpTest@10c8f62]" name="Help" class="com.MySeleniumMavenAssignment.tests.HelpTest"/>
        <method signature="NewUserAccountTest.NewUserRegistration(java.lang.String, java.lang.String, java.lang.String)[pri:0, instance:com.MySeleniumMavenAssignment.tests.NewUserAccountTest@4ef27d66]" name="NewUserRegistration" class="com.MySeleniumMavenAssignment.tests.NewUserAccountTest"/>
        <method signature="SearchboxTest.Searchbox(java.lang.String)[pri:0, instance:com.MySeleniumMavenAssignment.tests.SearchboxTest@1d9bec4d]" name="Searchbox" class="com.MySeleniumMavenAssignment.tests.SearchboxTest"/>
        <method signature="ShoppingCartTest.AddToCart(java.lang.String)[pri:0, instance:com.MySeleniumMavenAssignment.tests.ShoppingCartTest@5c48c0c0]" name="AddToCart" class="com.MySeleniumMavenAssignment.tests.ShoppingCartTest"/>
        <method signature="SignInTest.BlankUserSignIn(java.lang.String)[pri:0, instance:com.MySeleniumMavenAssignment.tests.SignInTest@362a019c]" name="BlankUserSignIn" class="com.MySeleniumMavenAssignment.tests.SignInTest"/>
        <method signature="SignInTest.InValidUserSignIn(java.lang.String)[pri:2, instance:com.MySeleniumMavenAssignment.tests.SignInTest@362a019c]" name="InValidUserSignIn" class="com.MySeleniumMavenAssignment.tests.SignInTest"/>
        <method signature="SignInTest.ValidUserSignIn(java.lang.String, java.lang.String)[pri:1, instance:com.MySeleniumMavenAssignment.tests.SignInTest@362a019c]" name="ValidUserSignIn" class="com.MySeleniumMavenAssignment.tests.SignInTest"/>
      </group> <!-- invalid -->
      <group name="sanity">
        <method signature="HelpTest.Help()[pri:0, instance:com.MySeleniumMavenAssignment.tests.HelpTest@10c8f62]" name="Help" class="com.MySeleniumMavenAssignment.tests.HelpTest"/>
        <method signature="NewUserAccountTest.NewUserRegistration(java.lang.String, java.lang.String, java.lang.String)[pri:0, instance:com.MySeleniumMavenAssignment.tests.NewUserAccountTest@4ef27d66]" name="NewUserRegistration" class="com.MySeleniumMavenAssignment.tests.NewUserAccountTest"/>
        <method signature="SearchboxTest.Searchbox(java.lang.String)[pri:0, instance:com.MySeleniumMavenAssignment.tests.SearchboxTest@1d9bec4d]" name="Searchbox" class="com.MySeleniumMavenAssignment.tests.SearchboxTest"/>
        <method signature="ShoppingCartTest.AddToCart(java.lang.String)[pri:0, instance:com.MySeleniumMavenAssignment.tests.ShoppingCartTest@5c48c0c0]" name="AddToCart" class="com.MySeleniumMavenAssignment.tests.ShoppingCartTest"/>
        <method signature="SignInTest.BlankUserSignIn(java.lang.String)[pri:0, instance:com.MySeleniumMavenAssignment.tests.SignInTest@362a019c]" name="BlankUserSignIn" class="com.MySeleniumMavenAssignment.tests.SignInTest"/>
        <method signature="SignInTest.InValidUserSignIn(java.lang.String)[pri:2, instance:com.MySeleniumMavenAssignment.tests.SignInTest@362a019c]" name="InValidUserSignIn" class="com.MySeleniumMavenAssignment.tests.SignInTest"/>
        <method signature="SignInTest.ValidUserSignIn(java.lang.String, java.lang.String)[pri:1, instance:com.MySeleniumMavenAssignment.tests.SignInTest@362a019c]" name="ValidUserSignIn" class="com.MySeleniumMavenAssignment.tests.SignInTest"/>
      </group> <!-- sanity -->
    </groups>
    <test started-at="2022-04-10T13:01:47Z" name="Test" finished-at="2022-04-10T13:02:36Z" duration-ms="48908">
      <class name="com.MySeleniumMavenAssignment.tests.NewUserAccountTest">
        <test-method is-config="true" signature="setExtent()[pri:0, instance:com.MySeleniumMavenAssignment.tests.NewUserAccountTest@4ef27d66]" started-at="2022-04-10T13:01:47Z" name="setExtent" finished-at="2022-04-10T13:01:47Z" duration-ms="56" status="PASS">
          <reporter-output>
          </reporter-output>
        </test-method> <!-- setExtent -->
        <test-method is-config="true" signature="intializeDriver()[pri:0, instance:com.MySeleniumMavenAssignment.tests.NewUserAccountTest@4ef27d66]" started-at="2022-04-10T13:01:47Z" name="intializeDriver" finished-at="2022-04-10T13:01:48Z" duration-ms="1500" status="PASS">
          <reporter-output>
          </reporter-output>
        </test-method> <!-- intializeDriver -->
        <test-method is-config="true" signature="openUrl()[pri:0, instance:com.MySeleniumMavenAssignment.tests.NewUserAccountTest@4ef27d66]" started-at="2022-04-10T13:01:48Z" name="openUrl" finished-at="2022-04-10T13:01:55Z" duration-ms="6293" status="PASS">
          <reporter-output>
          </reporter-output>
        </test-method> <!-- openUrl -->
        <test-method is-config="true" signature="startTest(java.lang.reflect.Method)[pri:0, instance:com.MySeleniumMavenAssignment.tests.NewUserAccountTest@4ef27d66]" started-at="2022-04-10T13:01:55Z" name="startTest" finished-at="2022-04-10T13:01:55Z" duration-ms="4" status="PASS">
          <params>
            <param index="0">
              <value>
                <![CDATA[public void com.MySeleniumMavenAssignment.tests.NewUserAccountTest.NewUserRegistration(java.lang.String,java.lang.String,java.lang.String)]]>
              </value>
            </param>
          </params>
          <reporter-output>
          </reporter-output>
        </test-method> <!-- startTest -->
        <test-method signature="NewUserRegistration(java.lang.String, java.lang.String, java.lang.String)[pri:0, instance:com.MySeleniumMavenAssignment.tests.NewUserAccountTest@4ef27d66]" started-at="2022-04-10T13:01:55Z" name="NewUserRegistration" finished-at="2022-04-10T13:01:56Z" duration-ms="1007" status="PASS">
          <params>
            <param index="0">
              <value>
                <![CDATA[KhushiQA123]]>
              </value>
            </param>
            <param index="1">
              <value>
                <![CDATA[Mavennn@gmail.com]]>
              </value>
            </param>
            <param index="2">
              <value>
                <![CDATA[123456]]>
              </value>
            </param>
          </params>
          <reporter-output>
          </reporter-output>
        </test-method> <!-- NewUserRegistration -->
        <test-method is-config="true" signature="resultTest(org.testng.ITestResult)[pri:0, instance:com.MySeleniumMavenAssignment.tests.NewUserAccountTest@4ef27d66]" started-at="2022-04-10T13:01:56Z" name="resultTest" finished-at="2022-04-10T13:01:56Z" duration-ms="2" status="PASS">
          <params>
            <param index="0">
              <value>
                <![CDATA[[TestResult name=NewUserRegistration status=SUCCESS method=NewUserAccountTest.NewUserRegistration(java.lang.String, java.lang.String, java.lang.String)[pri:0, instance:com.MySeleniumMavenAssignment.tests.NewUserAccountTest@4ef27d66] output={null}]]]>
              </value>
            </param>
          </params>
          <reporter-output>
          </reporter-output>
        </test-method> <!-- resultTest -->
        <test-method is-config="true" signature="testclose()[pri:0, instance:com.MySeleniumMavenAssignment.tests.NewUserAccountTest@4ef27d66]" started-at="2022-04-10T13:01:56Z" name="testclose" finished-at="2022-04-10T13:01:56Z" duration-ms="130" status="PASS">
          <reporter-output>
          </reporter-output>
        </test-method> <!-- testclose -->
        <test-method is-config="true" signature="endReport()[pri:0, instance:com.MySeleniumMavenAssignment.tests.NewUserAccountTest@4ef27d66]" started-at="2022-04-10T13:02:36Z" name="endReport" finished-at="2022-04-10T13:02:36Z" duration-ms="174" status="PASS">
          <reporter-output>
          </reporter-output>
        </test-method> <!-- endReport -->
      </class> <!-- com.MySeleniumMavenAssignment.tests.NewUserAccountTest -->
      <class name="com.MySeleniumMavenAssignment.tests.SearchboxTest">
        <test-method is-config="true" signature="intializeDriver()[pri:0, instance:com.MySeleniumMavenAssignment.tests.SearchboxTest@1d9bec4d]" started-at="2022-04-10T13:02:00Z" name="intializeDriver" finished-at="2022-04-10T13:02:01Z" duration-ms="1275" status="PASS">
          <reporter-output>
          </reporter-output>
        </test-method> <!-- intializeDriver -->
        <test-method is-config="true" signature="openUrl()[pri:0, instance:com.MySeleniumMavenAssignment.tests.SearchboxTest@1d9bec4d]" started-at="2022-04-10T13:02:01Z" name="openUrl" finished-at="2022-04-10T13:02:03Z" duration-ms="2270" status="PASS">
          <reporter-output>
          </reporter-output>
        </test-method> <!-- openUrl -->
        <test-method is-config="true" signature="startTest(java.lang.reflect.Method)[pri:0, instance:com.MySeleniumMavenAssignment.tests.SearchboxTest@1d9bec4d]" started-at="2022-04-10T13:02:03Z" name="startTest" finished-at="2022-04-10T13:02:03Z" duration-ms="1" status="PASS">
          <params>
            <param index="0">
              <value>
                <![CDATA[public void com.MySeleniumMavenAssignment.tests.SearchboxTest.Searchbox(java.lang.String)]]>
              </value>
            </param>
          </params>
          <reporter-output>
          </reporter-output>
        </test-method> <!-- startTest -->
        <test-method signature="Searchbox(java.lang.String)[pri:0, instance:com.MySeleniumMavenAssignment.tests.SearchboxTest@1d9bec4d]" started-at="2022-04-10T13:02:03Z" name="Searchbox" finished-at="2022-04-10T13:02:05Z" duration-ms="2217" status="PASS">
          <params>
            <param index="0">
              <value>
                <![CDATA[selenium webdriver]]>
              </value>
            </param>
          </params>
          <reporter-output>
          </reporter-output>
        </test-method> <!-- Searchbox -->
        <test-method is-config="true" signature="resultTest(org.testng.ITestResult)[pri:0, instance:com.MySeleniumMavenAssignment.tests.SearchboxTest@1d9bec4d]" started-at="2022-04-10T13:02:05Z" name="resultTest" finished-at="2022-04-10T13:02:05Z" duration-ms="1" status="PASS">
          <params>
            <param index="0">
              <value>
                <![CDATA[[TestResult name=Searchbox status=SUCCESS method=SearchboxTest.Searchbox(java.lang.String)[pri:0, instance:com.MySeleniumMavenAssignment.tests.SearchboxTest@1d9bec4d] output={null}]]]>
              </value>
            </param>
          </params>
          <reporter-output>
          </reporter-output>
        </test-method> <!-- resultTest -->
        <test-method is-config="true" signature="testclose()[pri:0, instance:com.MySeleniumMavenAssignment.tests.SearchboxTest@1d9bec4d]" started-at="2022-04-10T13:02:05Z" name="testclose" finished-at="2022-04-10T13:02:06Z" duration-ms="112" status="PASS">
          <reporter-output>
          </reporter-output>
        </test-method> <!-- testclose -->
      </class> <!-- com.MySeleniumMavenAssignment.tests.SearchboxTest -->
      <class name="com.MySeleniumMavenAssignment.tests.SignInTest">
        <test-method is-config="true" signature="intializeDriver()[pri:0, instance:com.MySeleniumMavenAssignment.tests.SignInTest@362a019c]" started-at="2022-04-10T13:01:56Z" name="intializeDriver" finished-at="2022-04-10T13:01:57Z" duration-ms="1244" status="PASS">
          <reporter-output>
          </reporter-output>
        </test-method> <!-- intializeDriver -->
        <test-method is-config="true" signature="openUrl()[pri:0, instance:com.MySeleniumMavenAssignment.tests.SignInTest@362a019c]" started-at="2022-04-10T13:01:57Z" name="openUrl" finished-at="2022-04-10T13:01:59Z" duration-ms="1791" status="PASS">
          <reporter-output>
          </reporter-output>
        </test-method> <!-- openUrl -->
        <test-method is-config="true" signature="startTest(java.lang.reflect.Method)[pri:0, instance:com.MySeleniumMavenAssignment.tests.SignInTest@362a019c]" started-at="2022-04-10T13:01:59Z" name="startTest" finished-at="2022-04-10T13:01:59Z" duration-ms="0" status="PASS">
          <params>
            <param index="0">
              <value>
                <![CDATA[public void com.MySeleniumMavenAssignment.tests.SignInTest.BlankUserSignIn(java.lang.String)]]>
              </value>
            </param>
          </params>
          <reporter-output>
          </reporter-output>
        </test-method> <!-- startTest -->
        <test-method signature="BlankUserSignIn(java.lang.String)[pri:0, instance:com.MySeleniumMavenAssignment.tests.SignInTest@362a019c]" started-at="2022-04-10T13:01:59Z" name="BlankUserSignIn" finished-at="2022-04-10T13:02:00Z" duration-ms="813" status="PASS">
          <params>
            <param index="0">
              <value>
                <![CDATA[]]>
              </value>
            </param>
          </params>
          <reporter-output>
          </reporter-output>
        </test-method> <!-- BlankUserSignIn -->
        <test-method is-config="true" signature="testclose()[pri:0, instance:com.MySeleniumMavenAssignment.tests.SignInTest@362a019c]" started-at="2022-04-10T13:02:00Z" name="testclose" finished-at="2022-04-10T13:02:00Z" duration-ms="113" status="PASS">
          <reporter-output>
          </reporter-output>
        </test-method> <!-- testclose -->
        <test-method is-config="true" signature="resultTest(org.testng.ITestResult)[pri:0, instance:com.MySeleniumMavenAssignment.tests.SignInTest@362a019c]" started-at="2022-04-10T13:02:00Z" name="resultTest" finished-at="2022-04-10T13:02:00Z" duration-ms="0" status="PASS">
          <params>
            <param index="0">
              <value>
                <![CDATA[[TestResult name=BlankUserSignIn status=SUCCESS method=SignInTest.BlankUserSignIn(java.lang.String)[pri:0, instance:com.MySeleniumMavenAssignment.tests.SignInTest@362a019c] output={null}]]]>
              </value>
            </param>
          </params>
          <reporter-output>
          </reporter-output>
        </test-method> <!-- resultTest -->
        <test-method is-config="true" signature="intializeDriver()[pri:0, instance:com.MySeleniumMavenAssignment.tests.SignInTest@362a019c]" started-at="2022-04-10T13:02:24Z" name="intializeDriver" finished-at="2022-04-10T13:02:25Z" duration-ms="1291" status="PASS">
          <reporter-output>
          </reporter-output>
        </test-method> <!-- intializeDriver -->
        <test-method is-config="true" signature="openUrl()[pri:0, instance:com.MySeleniumMavenAssignment.tests.SignInTest@362a019c]" started-at="2022-04-10T13:02:25Z" name="openUrl" finished-at="2022-04-10T13:02:27Z" duration-ms="1835" status="PASS">
          <reporter-output>
          </reporter-output>
        </test-method> <!-- openUrl -->
        <test-method signature="ValidUserSignIn(java.lang.String, java.lang.String)[pri:1, instance:com.MySeleniumMavenAssignment.tests.SignInTest@362a019c]" started-at="2022-04-10T13:02:27Z" name="ValidUserSignIn" finished-at="2022-04-10T13:02:30Z" duration-ms="3627" status="PASS">
          <params>
            <param index="0">
              <value>
                <![CDATA[amzn.tester23@gmail.com]]>
              </value>
            </param>
            <param index="1">
              <value>
                <![CDATA[amzntester23]]>
              </value>
            </param>
          </params>
          <reporter-output>
          </reporter-output>
        </test-method> <!-- ValidUserSignIn -->
        <test-method is-config="true" signature="startTest(java.lang.reflect.Method)[pri:0, instance:com.MySeleniumMavenAssignment.tests.SignInTest@362a019c]" started-at="2022-04-10T13:02:27Z" name="startTest" finished-at="2022-04-10T13:02:27Z" duration-ms="0" status="PASS">
          <params>
            <param index="0">
              <value>
                <![CDATA[public void com.MySeleniumMavenAssignment.tests.SignInTest.ValidUserSignIn(java.lang.String,java.lang.String)]]>
              </value>
            </param>
          </params>
          <reporter-output>
          </reporter-output>
        </test-method> <!-- startTest -->
        <test-method is-config="true" signature="resultTest(org.testng.ITestResult)[pri:0, instance:com.MySeleniumMavenAssignment.tests.SignInTest@362a019c]" started-at="2022-04-10T13:02:30Z" name="resultTest" finished-at="2022-04-10T13:02:30Z" duration-ms="0" status="PASS">
          <params>
            <param index="0">
              <value>
                <![CDATA[[TestResult name=ValidUserSignIn status=SUCCESS method=SignInTest.ValidUserSignIn(java.lang.String, java.lang.String)[pri:1, instance:com.MySeleniumMavenAssignment.tests.SignInTest@362a019c] output={null}]]]>
              </value>
            </param>
          </params>
          <reporter-output>
          </reporter-output>
        </test-method> <!-- resultTest -->
        <test-method is-config="true" signature="testclose()[pri:0, instance:com.MySeleniumMavenAssignment.tests.SignInTest@362a019c]" started-at="2022-04-10T13:02:30Z" name="testclose" finished-at="2022-04-10T13:02:31Z" duration-ms="105" status="PASS">
          <reporter-output>
          </reporter-output>
        </test-method> <!-- testclose -->
        <test-method is-config="true" signature="intializeDriver()[pri:0, instance:com.MySeleniumMavenAssignment.tests.SignInTest@362a019c]" started-at="2022-04-10T13:02:31Z" name="intializeDriver" finished-at="2022-04-10T13:02:32Z" duration-ms="1262" status="PASS">
          <reporter-output>
          </reporter-output>
        </test-method> <!-- intializeDriver -->
        <test-method is-config="true" signature="openUrl()[pri:0, instance:com.MySeleniumMavenAssignment.tests.SignInTest@362a019c]" started-at="2022-04-10T13:02:32Z" name="openUrl" finished-at="2022-04-10T13:02:34Z" duration-ms="1900" status="PASS">
          <reporter-output>
          </reporter-output>
        </test-method> <!-- openUrl -->
        <test-method is-config="true" signature="startTest(java.lang.reflect.Method)[pri:0, instance:com.MySeleniumMavenAssignment.tests.SignInTest@362a019c]" started-at="2022-04-10T13:02:34Z" name="startTest" finished-at="2022-04-10T13:02:34Z" duration-ms="0" status="PASS">
          <params>
            <param index="0">
              <value>
                <![CDATA[public void com.MySeleniumMavenAssignment.tests.SignInTest.InValidUserSignIn(java.lang.String)]]>
              </value>
            </param>
          </params>
          <reporter-output>
          </reporter-output>
        </test-method> <!-- startTest -->
        <test-method signature="InValidUserSignIn(java.lang.String)[pri:2, instance:com.MySeleniumMavenAssignment.tests.SignInTest@362a019c]" started-at="2022-04-10T13:02:34Z" name="InValidUserSignIn" finished-at="2022-04-10T13:02:35Z" duration-ms="1795" status="FAIL">
          <params>
            <param index="0">
              <value>
                <![CDATA[amzn.tester232323@gmail.com]]>
              </value>
            </param>
          </params>
          <exception class="java.lang.AssertionError">
            <message>
              <![CDATA[expected [Amazonnn Sign In] but found [Amazon Sign In]]]>
            </message>
            <full-stacktrace>
              <![CDATA[java.lang.AssertionError: expected [Amazonnn Sign In] but found [Amazon Sign In]
at org.testng.Assert.fail(Assert.java:96)
at org.testng.Assert.failNotEquals(Assert.java:776)
at org.testng.Assert.assertEqualsImpl(Assert.java:137)
at org.testng.Assert.assertEquals(Assert.java:118)
at org.testng.Assert.assertEquals(Assert.java:453)
at org.testng.Assert.assertEquals(Assert.java:463)
at com.MySeleniumMavenAssignment.tests.SignInTest.InValidUserSignIn(SignInTest.java:38)
at java.base/jdk.internal.reflect.NativeMethodAccessorImpl.invoke0(Native Method)
at java.base/jdk.internal.reflect.NativeMethodAccessorImpl.invoke(NativeMethodAccessorImpl.java:62)
at java.base/jdk.internal.reflect.DelegatingMethodAccessorImpl.invoke(DelegatingMethodAccessorImpl.java:43)
at java.base/java.lang.reflect.Method.invoke(Method.java:566)
at org.testng.internal.MethodInvocationHelper.invokeMethod(MethodInvocationHelper.java:124)
at org.testng.internal.Invoker.invokeMethod(Invoker.java:583)
at org.testng.internal.Invoker.invokeTestMethod(Invoker.java:719)
at org.testng.internal.Invoker.invokeTestMethods(Invoker.java:989)
at org.testng.internal.TestMethodWorker.invokeTestMethods(TestMethodWorker.java:125)
at org.testng.internal.TestMethodWorker.run(TestMethodWorker.java:109)
at org.testng.TestRunner.privateRun(TestRunner.java:648)
at org.testng.TestRunner.run(TestRunner.java:505)
at org.testng.SuiteRunner.runTest(SuiteRunner.java:455)
at org.testng.SuiteRunner.runSequentially(SuiteRunner.java:450)
at org.testng.SuiteRunner.privateRun(SuiteRunner.java:415)
at org.testng.SuiteRunner.run(SuiteRunner.java:364)
at org.testng.SuiteRunnerWorker.runSuite(SuiteRunnerWorker.java:52)
at org.testng.SuiteRunnerWorker.run(SuiteRunnerWorker.java:84)
at org.testng.TestNG.runSuitesSequentially(TestNG.java:1208)
at org.testng.TestNG.runSuitesLocally(TestNG.java:1137)
at org.testng.TestNG.runSuites(TestNG.java:1049)
at org.testng.TestNG.run(TestNG.java:1017)
at org.apache.maven.surefire.testng.TestNGExecutor.run(TestNGExecutor.java:284)
at org.apache.maven.surefire.testng.TestNGXmlTestSuite.execute(TestNGXmlTestSuite.java:75)
at org.apache.maven.surefire.testng.TestNGProvider.invoke(TestNGProvider.java:119)
at org.apache.maven.surefire.booter.ForkedBooter.runSuitesInProcess(ForkedBooter.java:428)
at org.apache.maven.surefire.booter.ForkedBooter.execute(ForkedBooter.java:162)
at org.apache.maven.surefire.booter.ForkedBooter.run(ForkedBooter.java:562)
at org.apache.maven.surefire.booter.ForkedBooter.main(ForkedBooter.java:548)
]]>
            </full-stacktrace>
          </exception> <!-- java.lang.AssertionError -->
          <reporter-output>
          </reporter-output>
        </test-method> <!-- InValidUserSignIn -->
        <test-method is-config="true" signature="resultTest(org.testng.ITestResult)[pri:0, instance:com.MySeleniumMavenAssignment.tests.SignInTest@362a019c]" started-at="2022-04-10T13:02:35Z" name="resultTest" finished-at="2022-04-10T13:02:36Z" duration-ms="75" status="PASS">
          <params>
            <param index="0">
              <value>
                <![CDATA[[TestResult name=InValidUserSignIn status=FAILURE method=SignInTest.InValidUserSignIn(java.lang.String)[pri:2, instance:com.MySeleniumMavenAssignment.tests.SignInTest@362a019c] output={null}]]]>
              </value>
            </param>
          </params>
          <reporter-output>
          </reporter-output>
        </test-method> <!-- resultTest -->
        <test-method is-config="true" signature="testclose()[pri:0, instance:com.MySeleniumMavenAssignment.tests.SignInTest@362a019c]" started-at="2022-04-10T13:02:36Z" name="testclose" finished-at="2022-04-10T13:02:36Z" duration-ms="104" status="PASS">
          <reporter-output>
          </reporter-output>
        </test-method> <!-- testclose -->
      </class> <!-- com.MySeleniumMavenAssignment.tests.SignInTest -->
      <class name="com.MySeleniumMavenAssignment.tests.ShoppingCartTest">
        <test-method is-config="true" signature="intializeDriver()[pri:0, instance:com.MySeleniumMavenAssignment.tests.ShoppingCartTest@5c48c0c0]" started-at="2022-04-10T13:02:06Z" name="intializeDriver" finished-at="2022-04-10T13:02:07Z" duration-ms="1283" status="PASS">
          <reporter-output>
          </reporter-output>
        </test-method> <!-- intializeDriver -->
        <test-method is-config="true" signature="openUrl()[pri:0, instance:com.MySeleniumMavenAssignment.tests.ShoppingCartTest@5c48c0c0]" started-at="2022-04-10T13:02:07Z" name="openUrl" finished-at="2022-04-10T13:02:09Z" duration-ms="2569" status="PASS">
          <reporter-output>
          </reporter-output>
        </test-method> <!-- openUrl -->
        <test-method signature="AddToCart(java.lang.String)[pri:0, instance:com.MySeleniumMavenAssignment.tests.ShoppingCartTest@5c48c0c0]" started-at="2022-04-10T13:02:09Z" name="AddToCart" finished-at="2022-04-10T13:02:18Z" duration-ms="8301" status="PASS">
          <params>
            <param index="0">
              <value>
                <![CDATA[2]]>
              </value>
            </param>
          </params>
          <reporter-output>
          </reporter-output>
        </test-method> <!-- AddToCart -->
        <test-method is-config="true" signature="startTest(java.lang.reflect.Method)[pri:0, instance:com.MySeleniumMavenAssignment.tests.ShoppingCartTest@5c48c0c0]" started-at="2022-04-10T13:02:09Z" name="startTest" finished-at="2022-04-10T13:02:09Z" duration-ms="0" status="PASS">
          <params>
            <param index="0">
              <value>
                <![CDATA[public void com.MySeleniumMavenAssignment.tests.ShoppingCartTest.AddToCart(java.lang.String)]]>
              </value>
            </param>
          </params>
          <reporter-output>
          </reporter-output>
        </test-method> <!-- startTest -->
        <test-method is-config="true" signature="resultTest(org.testng.ITestResult)[pri:0, instance:com.MySeleniumMavenAssignment.tests.ShoppingCartTest@5c48c0c0]" started-at="2022-04-10T13:02:18Z" name="resultTest" finished-at="2022-04-10T13:02:18Z" duration-ms="1" status="PASS">
          <params>
            <param index="0">
              <value>
                <![CDATA[[TestResult name=AddToCart status=SUCCESS method=ShoppingCartTest.AddToCart(java.lang.String)[pri:0, instance:com.MySeleniumMavenAssignment.tests.ShoppingCartTest@5c48c0c0] output={null}]]]>
              </value>
            </param>
          </params>
          <reporter-output>
          </reporter-output>
        </test-method> <!-- resultTest -->
        <test-method is-config="true" signature="testclose()[pri:0, instance:com.MySeleniumMavenAssignment.tests.ShoppingCartTest@5c48c0c0]" started-at="2022-04-10T13:02:18Z" name="testclose" finished-at="2022-04-10T13:02:18Z" duration-ms="110" status="PASS">
          <reporter-output>
          </reporter-output>
        </test-method> <!-- testclose -->
      </class> <!-- com.MySeleniumMavenAssignment.tests.ShoppingCartTest -->
      <class name="com.MySeleniumMavenAssignment.tests.HelpTest">
        <test-method is-config="true" signature="intializeDriver()[pri:0, instance:com.MySeleniumMavenAssignment.tests.HelpTest@10c8f62]" started-at="2022-04-10T13:02:18Z" name="intializeDriver" finished-at="2022-04-10T13:02:19Z" duration-ms="1309" status="PASS">
          <reporter-output>
          </reporter-output>
        </test-method> <!-- intializeDriver -->
        <test-method is-config="true" signature="openUrl()[pri:0, instance:com.MySeleniumMavenAssignment.tests.HelpTest@10c8f62]" started-at="2022-04-10T13:02:19Z" name="openUrl" finished-at="2022-04-10T13:02:21Z" duration-ms="2013" status="PASS">
          <reporter-output>
          </reporter-output>
        </test-method> <!-- openUrl -->
        <test-method signature="Help()[pri:0, instance:com.MySeleniumMavenAssignment.tests.HelpTest@10c8f62]" started-at="2022-04-10T13:02:21Z" name="Help" finished-at="2022-04-10T13:02:23Z" duration-ms="2324" status="FAIL">
          <exception class="java.lang.AssertionError">
            <message>
              <![CDATA[expected [Helppp - Amazonnn Customer Service] but found [Help - Amazon Customer Service]]]>
            </message>
            <full-stacktrace>
              <![CDATA[java.lang.AssertionError: expected [Helppp - Amazonnn Customer Service] but found [Help - Amazon Customer Service]
at org.testng.Assert.fail(Assert.java:96)
at org.testng.Assert.failNotEquals(Assert.java:776)
at org.testng.Assert.assertEqualsImpl(Assert.java:137)
at org.testng.Assert.assertEquals(Assert.java:118)
at org.testng.Assert.assertEquals(Assert.java:453)
at org.testng.Assert.assertEquals(Assert.java:463)
at com.MySeleniumMavenAssignment.tests.HelpTest.Help(HelpTest.java:20)
at java.base/jdk.internal.reflect.NativeMethodAccessorImpl.invoke0(Native Method)
at java.base/jdk.internal.reflect.NativeMethodAccessorImpl.invoke(NativeMethodAccessorImpl.java:62)
at java.base/jdk.internal.reflect.DelegatingMethodAccessorImpl.invoke(DelegatingMethodAccessorImpl.java:43)
at java.base/java.lang.reflect.Method.invoke(Method.java:566)
at org.testng.internal.MethodInvocationHelper.invokeMethod(MethodInvocationHelper.java:124)
at org.testng.internal.Invoker.invokeMethod(Invoker.java:583)
at org.testng.internal.Invoker.invokeTestMethod(Invoker.java:719)
at org.testng.internal.Invoker.invokeTestMethods(Invoker.java:989)
at org.testng.internal.TestMethodWorker.invokeTestMethods(TestMethodWorker.java:125)
at org.testng.internal.TestMethodWorker.run(TestMethodWorker.java:109)
at org.testng.TestRunner.privateRun(TestRunner.java:648)
at org.testng.TestRunner.run(TestRunner.java:505)
at org.testng.SuiteRunner.runTest(SuiteRunner.java:455)
at org.testng.SuiteRunner.runSequentially(SuiteRunner.java:450)
at org.testng.SuiteRunner.privateRun(SuiteRunner.java:415)
at org.testng.SuiteRunner.run(SuiteRunner.java:364)
at org.testng.SuiteRunnerWorker.runSuite(SuiteRunnerWorker.java:52)
at org.testng.SuiteRunnerWorker.run(SuiteRunnerWorker.java:84)
at org.testng.TestNG.runSuitesSequentially(TestNG.java:1208)
at org.testng.TestNG.runSuitesLocally(TestNG.java:1137)
at org.testng.TestNG.runSuites(TestNG.java:1049)
at org.testng.TestNG.run(TestNG.java:1017)
at org.apache.maven.surefire.testng.TestNGExecutor.run(TestNGExecutor.java:284)
at org.apache.maven.surefire.testng.TestNGXmlTestSuite.execute(TestNGXmlTestSuite.java:75)
at org.apache.maven.surefire.testng.TestNGProvider.invoke(TestNGProvider.java:119)
at org.apache.maven.surefire.booter.ForkedBooter.runSuitesInProcess(ForkedBooter.java:428)
at org.apache.maven.surefire.booter.ForkedBooter.execute(ForkedBooter.java:162)
at org.apache.maven.surefire.booter.ForkedBooter.run(ForkedBooter.java:562)
at org.apache.maven.surefire.booter.ForkedBooter.main(ForkedBooter.java:548)
]]>
            </full-stacktrace>
          </exception> <!-- java.lang.AssertionError -->
          <reporter-output>
          </reporter-output>
        </test-method> <!-- Help -->
        <test-method is-config="true" signature="startTest(java.lang.reflect.Method)[pri:0, instance:com.MySeleniumMavenAssignment.tests.HelpTest@10c8f62]" started-at="2022-04-10T13:02:21Z" name="startTest" finished-at="2022-04-10T13:02:21Z" duration-ms="0" status="PASS">
          <params>
            <param index="0">
              <value>
                <![CDATA[public void com.MySeleniumMavenAssignment.tests.HelpTest.Help()]]>
              </value>
            </param>
          </params>
          <reporter-output>
          </reporter-output>
        </test-method> <!-- startTest -->
        <test-method is-config="true" signature="resultTest(org.testng.ITestResult)[pri:0, instance:com.MySeleniumMavenAssignment.tests.HelpTest@10c8f62]" started-at="2022-04-10T13:02:23Z" name="resultTest" finished-at="2022-04-10T13:02:24Z" duration-ms="82" status="PASS">
          <params>
            <param index="0">
              <value>
                <![CDATA[[TestResult name=Help status=FAILURE method=HelpTest.Help()[pri:0, instance:com.MySeleniumMavenAssignment.tests.HelpTest@10c8f62] output={null}]]]>
              </value>
            </param>
          </params>
          <reporter-output>
          </reporter-output>
        </test-method> <!-- resultTest -->
        <test-method is-config="true" signature="testclose()[pri:0, instance:com.MySeleniumMavenAssignment.tests.HelpTest@10c8f62]" started-at="2022-04-10T13:02:24Z" name="testclose" finished-at="2022-04-10T13:02:24Z" duration-ms="132" status="PASS">
          <reporter-output>
          </reporter-output>
        </test-method> <!-- testclose -->
      </class> <!-- com.MySeleniumMavenAssignment.tests.HelpTest -->
    </test> <!-- Test -->
  </suite> <!-- Suite -->
</testng-results>
