<!DOCTYPE html>

<html>
  <head>
  <meta charset='utf-8'>
  <title>TestNG reports</title>

    <link type="text/css" href="testng-reports.css" rel="stylesheet" />
    <script type="text/javascript" src="jquery-1.7.1.min.js"></script>
    <script type="text/javascript" src="testng-reports.js"></script>
    <script type="text/javascript" src="https://www.google.com/jsapi"></script>
    <script type='text/javascript'>
      google.load('visualization', '1', {packages:['table']});
      google.setOnLoadCallback(drawTable);
      var suiteTableInitFunctions = new Array();
      var suiteTableData = new Array();
    </script>
    <!--
      <script type="text/javascript" src="jquery-ui/js/jquery-ui-1.8.16.custom.min.js"></script>
     -->
  </head>

  <body>
    <div class="top-banner-root">
      <span class="top-banner-title-font">Test results</span>
      <br/>
      <span class="top-banner-font-1">1 suite, 1 failed test</span>
    </div> <!-- top-banner-root -->
    <div class="navigator-root">
      <div class="navigator-suite-header">
        <span>All suites</span>
        <a href="#" title="Collapse/expand all the suites" class="collapse-all-link">
          <img src="collapseall.gif" class="collapse-all-icon">
          </img> <!-- collapse-all-icon -->
        </a> <!-- collapse-all-link -->
      </div> <!-- navigator-suite-header -->
      <div class="suite">
        <div class="rounded-window">
          <div class="suite-header light-rounded-window-top">
            <a href="#" panel-name="suite-Suite" class="navigator-link">
              <span class="suite-name border-failed">Suite</span>
            </a> <!-- navigator-link -->
          </div> <!-- suite-header light-rounded-window-top -->
          <div class="navigator-suite-content">
            <div class="suite-section-title">
              <span>Info</span>
            </div> <!-- suite-section-title -->
            <div class="suite-section-content">
              <ul>
                <li>
                  <a href="#" panel-name="test-xml-Suite" class="navigator-link ">
                    <span>C:\Users\khushipatel\eclipse-workspace\MySeleniumMavenAssignment\testng.xml</span>
                  </a> <!-- navigator-link  -->
                </li>
                <li>
                  <a href="#" panel-name="testlist-Suite" class="navigator-link ">
                    <span class="test-stats">1 test</span>
                  </a> <!-- navigator-link  -->
                </li>
                <li>
                  <a href="#" panel-name="group-Suite" class="navigator-link ">
                    <span>2 groups</span>
                  </a> <!-- navigator-link  -->
                </li>
                <li>
                  <a href="#" panel-name="times-Suite" class="navigator-link ">
                    <span>Times</span>
                  </a> <!-- navigator-link  -->
                </li>
                <li>
                  <a href="#" panel-name="reporter-Suite" class="navigator-link ">
                    <span>Reporter output</span>
                  </a> <!-- navigator-link  -->
                </li>
                <li>
                  <a href="#" panel-name="ignored-methods-Suite" class="navigator-link ">
                    <span>Ignored methods</span>
                  </a> <!-- navigator-link  -->
                </li>
                <li>
                  <a href="#" panel-name="chronological-Suite" class="navigator-link ">
                    <span>Chronological view</span>
                  </a> <!-- navigator-link  -->
                </li>
              </ul>
            </div> <!-- suite-section-content -->
            <div class="result-section">
              <div class="suite-section-title">
                <span>Results</span>
              </div> <!-- suite-section-title -->
              <div class="suite-section-content">
                <ul>
                  <li>
                    <span class="method-stats">7 methods, 1 failed,   6 passed</span>
                  </li>
                  <li>
                    <span class="method-list-title failed">Failed methods</span>
                    <span class="show-or-hide-methods failed">
                      <a href="#" panel-name="suite-Suite" class="hide-methods failed suite-Suite"> (hide)</a> <!-- hide-methods failed suite-Suite -->
                      <a href="#" panel-name="suite-Suite" class="show-methods failed suite-Suite"> (show)</a> <!-- show-methods failed suite-Suite -->
                    </span>
                    <div class="method-list-content failed suite-Suite">
                      <span>
                        <img src="failed.png" width="3%"/>
                        <a href="#" panel-name="suite-Suite" title="com.MySeleniumMavenAssignment.tests.SignInTest" class="method navigator-link" hash-for-method="ValidUserSignIn(amzn.tester23@gmail.com, amzntester23)">ValidUserSignIn(amzn.tester23@gmail.com, amzntester23)</a> <!-- method navigator-link -->
                      </span>
                      <br/>
                    </div> <!-- method-list-content failed suite-Suite -->
                  </li>
                  <li>
                    <span class="method-list-title passed">Passed methods</span>
                    <span class="show-or-hide-methods passed">
                      <a href="#" panel-name="suite-Suite" class="hide-methods passed suite-Suite"> (hide)</a> <!-- hide-methods passed suite-Suite -->
                      <a href="#" panel-name="suite-Suite" class="show-methods passed suite-Suite"> (show)</a> <!-- show-methods passed suite-Suite -->
                    </span>
                    <div class="method-list-content passed suite-Suite">
                      <span>
                        <img src="passed.png" width="3%"/>
                        <a href="#" panel-name="suite-Suite" title="com.MySeleniumMavenAssignment.tests.ShoppingCartTest" class="method navigator-link" hash-for-method="AddToCart(2)">AddToCart(2)</a> <!-- method navigator-link -->
                      </span>
                      <br/>
                      <span>
                        <img src="passed.png" width="3%"/>
                        <a href="#" panel-name="suite-Suite" title="com.MySeleniumMavenAssignment.tests.SignInTest" class="method navigator-link" hash-for-method="BlankUserSignIn()">BlankUserSignIn()</a> <!-- method navigator-link -->
                      </span>
                      <br/>
                      <span>
                        <img src="passed.png" width="3%"/>
                        <a href="#" panel-name="suite-Suite" title="com.MySeleniumMavenAssignment.tests.HelpTest" class="method navigator-link" hash-for-method="Help">Help</a> <!-- method navigator-link -->
                      </span>
                      <br/>
                      <span>
                        <img src="passed.png" width="3%"/>
                        <a href="#" panel-name="suite-Suite" title="com.MySeleniumMavenAssignment.tests.SignInTest" class="method navigator-link" hash-for-method="InValidUserSignIn(amzn.tester232323@gmail.com)">InValidUserSignIn(amzn.tester232323@gmail.com)</a> <!-- method navigator-link -->
                      </span>
                      <br/>
                      <span>
                        <img src="passed.png" width="3%"/>
                        <a href="#" panel-name="suite-Suite" title="com.MySeleniumMavenAssignment.tests.NewUserAccountTest" class="method navigator-link" hash-for-method="NewUserRegistration(KhushiQA123, Mavennn@gmail.com, 123456)">NewUserRegistration(KhushiQA123, Mavennn@gmail.com, 123456)</a> <!-- method navigator-link -->
                      </span>
                      <br/>
                      <span>
                        <img src="passed.png" width="3%"/>
                        <a href="#" panel-name="suite-Suite" title="com.MySeleniumMavenAssignment.tests.SearchboxTest" class="method navigator-link" hash-for-method="Searchbox(selenium webdriver)">Searchbox(selenium webdriver)</a> <!-- method navigator-link -->
                      </span>
                      <br/>
                    </div> <!-- method-list-content passed suite-Suite -->
                  </li>
                </ul>
              </div> <!-- suite-section-content -->
            </div> <!-- result-section -->
          </div> <!-- navigator-suite-content -->
        </div> <!-- rounded-window -->
      </div> <!-- suite -->
    </div> <!-- navigator-root -->
    <div class="wrapper">
      <div class="main-panel-root">
        <div panel-name="suite-Suite" class="panel Suite">
          <div class="suite-Suite-class-failed">
            <div class="main-panel-header rounded-window-top">
              <img src="failed.png"/>
              <span class="class-name">com.MySeleniumMavenAssignment.tests.SignInTest</span>
            </div> <!-- main-panel-header rounded-window-top -->
            <div class="main-panel-content rounded-window-bottom">
              <div class="method">
                <div class="method-content">
                  <a name="ValidUserSignIn(amzn.tester23@gmail.com, amzntester23)">
                  </a> <!-- ValidUserSignIn(amzn.tester23@gmail.com, amzntester23) -->
                  <span class="method-name">ValidUserSignIn</span>
                  <span class="parameters">(amzn.tester23@gmail.com, amzntester23)</span>
                  <div class="stack-trace">org.openqa.selenium.NoSuchElementException: no such element: Unable to locate element: {&quot;method&quot;:&quot;css selector&quot;,&quot;selector&quot;:&quot;*[name=&apos;password&apos;]&quot;}
  (Session info: headless chrome=114.0.5735.199)
For documentation on this error, please visit: https://www.seleniumhq.org/exceptions/no_such_element.html
Build info: version: &apos;3.141.59&apos;, revision: &apos;e82be7d358&apos;, time: &apos;2018-11-14T08:17:03&apos;
System info: host: &apos;IN-HL5L1J3&apos;, ip: &apos;10.175.28.253&apos;, os.name: &apos;Windows 10&apos;, os.arch: &apos;amd64&apos;, os.version: &apos;10.0&apos;, java.version: &apos;11.0.1&apos;
Driver info: org.openqa.selenium.chrome.ChromeDriver
Capabilities {acceptInsecureCerts: false, browserName: chrome, browserVersion: 114.0.5735.199, chrome: {chromedriverVersion: 114.0.5735.90 (386bc09e8f4f..., userDataDir: C:\Users\KHUSHI~1\AppData\L...}, goog:chromeOptions: {debuggerAddress: localhost:63311}, javascriptEnabled: true, networkConnectionEnabled: false, pageLoadStrategy: normal, platform: WINDOWS, platformName: WINDOWS, proxy: Proxy(), setWindowRect: true, strictFileInteractability: false, timeouts: {implicit: 0, pageLoad: 300000, script: 30000}, unhandledPromptBehavior: dismiss and notify, webauthn:extension:credBlob: true, webauthn:extension:largeBlob: true, webauthn:extension:minPinLength: true, webauthn:extension:prf: true, webauthn:virtualAuthenticators: true}
Session ID: 2e9ffabe8cf5ea5544e64ae91bee6930
*** Element info: {Using=name, value=password}
	at org.openqa.selenium.remote.http.W3CHttpResponseCodec.createException(W3CHttpResponseCodec.java:187)
	at org.openqa.selenium.remote.http.W3CHttpResponseCodec.decode(W3CHttpResponseCodec.java:122)
	at org.openqa.selenium.remote.http.W3CHttpResponseCodec.decode(W3CHttpResponseCodec.java:49)
	at org.openqa.selenium.remote.HttpCommandExecutor.execute(HttpCommandExecutor.java:158)
	at org.openqa.selenium.remote.service.DriverCommandExecutor.execute(DriverCommandExecutor.java:83)
	at org.openqa.selenium.remote.RemoteWebDriver.execute(RemoteWebDriver.java:552)
	at org.openqa.selenium.remote.RemoteWebDriver.findElement(RemoteWebDriver.java:323)
	at org.openqa.selenium.remote.RemoteWebDriver.findElementByName(RemoteWebDriver.java:404)
	at org.openqa.selenium.By$ByName.findElement(By.java:284)
	at org.openqa.selenium.remote.RemoteWebDriver.findElement(RemoteWebDriver.java:315)
	at org.openqa.selenium.support.pagefactory.DefaultElementLocator.findElement(DefaultElementLocator.java:69)
	at org.openqa.selenium.support.pagefactory.internal.LocatingElementHandler.invoke(LocatingElementHandler.java:38)
	at com.sun.proxy.$Proxy29.sendKeys(Unknown Source)
	at com.MySeleniumMavenAssignment.pages.SignInPage.enterPass(SignInPage.java:43)
	at com.MySeleniumMavenAssignment.tests.SignInTest.ValidUserSignIn(SignInTest.java:23)
... Removed 29 stack frames
</div> <!-- stack-trace -->
                </div> <!-- method-content -->
              </div> <!-- method -->
            </div> <!-- main-panel-content rounded-window-bottom -->
          </div> <!-- suite-Suite-class-failed -->
          <div class="suite-Suite-class-passed">
            <div class="main-panel-header rounded-window-top">
              <img src="passed.png"/>
              <span class="class-name">com.MySeleniumMavenAssignment.tests.ShoppingCartTest</span>
            </div> <!-- main-panel-header rounded-window-top -->
            <div class="main-panel-content rounded-window-bottom">
              <div class="method">
                <div class="method-content">
                  <a name="AddToCart(2)">
                  </a> <!-- AddToCart(2) -->
                  <span class="method-name">AddToCart</span>
                  <span class="parameters">(2)</span>
                </div> <!-- method-content -->
              </div> <!-- method -->
            </div> <!-- main-panel-content rounded-window-bottom -->
          </div> <!-- suite-Suite-class-passed -->
          <div class="suite-Suite-class-passed">
            <div class="main-panel-header rounded-window-top">
              <img src="passed.png"/>
              <span class="class-name">com.MySeleniumMavenAssignment.tests.SignInTest</span>
            </div> <!-- main-panel-header rounded-window-top -->
            <div class="main-panel-content rounded-window-bottom">
              <div class="method">
                <div class="method-content">
                  <a name="BlankUserSignIn()">
                  </a> <!-- BlankUserSignIn() -->
                  <span class="method-name">BlankUserSignIn</span>
                  <span class="parameters">()</span>
                </div> <!-- method-content -->
              </div> <!-- method -->
              <div class="method">
                <div class="method-content">
                  <a name="InValidUserSignIn(amzn.tester232323@gmail.com)">
                  </a> <!-- InValidUserSignIn(amzn.tester232323@gmail.com) -->
                  <span class="method-name">InValidUserSignIn</span>
                  <span class="parameters">(amzn.tester232323@gmail.com)</span>
                </div> <!-- method-content -->
              </div> <!-- method -->
            </div> <!-- main-panel-content rounded-window-bottom -->
          </div> <!-- suite-Suite-class-passed -->
          <div class="suite-Suite-class-passed">
            <div class="main-panel-header rounded-window-top">
              <img src="passed.png"/>
              <span class="class-name">com.MySeleniumMavenAssignment.tests.SearchboxTest</span>
            </div> <!-- main-panel-header rounded-window-top -->
            <div class="main-panel-content rounded-window-bottom">
              <div class="method">
                <div class="method-content">
                  <a name="Searchbox(selenium webdriver)">
                  </a> <!-- Searchbox(selenium webdriver) -->
                  <span class="method-name">Searchbox</span>
                  <span class="parameters">(selenium webdriver)</span>
                </div> <!-- method-content -->
              </div> <!-- method -->
            </div> <!-- main-panel-content rounded-window-bottom -->
          </div> <!-- suite-Suite-class-passed -->
          <div class="suite-Suite-class-passed">
            <div class="main-panel-header rounded-window-top">
              <img src="passed.png"/>
              <span class="class-name">com.MySeleniumMavenAssignment.tests.NewUserAccountTest</span>
            </div> <!-- main-panel-header rounded-window-top -->
            <div class="main-panel-content rounded-window-bottom">
              <div class="method">
                <div class="method-content">
                  <a name="NewUserRegistration(KhushiQA123, Mavennn@gmail.com, 123456)">
                  </a> <!-- NewUserRegistration(KhushiQA123, Mavennn@gmail.com, 123456) -->
                  <span class="method-name">NewUserRegistration</span>
                  <span class="parameters">(KhushiQA123, Mavennn@gmail.com, 123456)</span>
                </div> <!-- method-content -->
              </div> <!-- method -->
            </div> <!-- main-panel-content rounded-window-bottom -->
          </div> <!-- suite-Suite-class-passed -->
          <div class="suite-Suite-class-passed">
            <div class="main-panel-header rounded-window-top">
              <img src="passed.png"/>
              <span class="class-name">com.MySeleniumMavenAssignment.tests.HelpTest</span>
            </div> <!-- main-panel-header rounded-window-top -->
            <div class="main-panel-content rounded-window-bottom">
              <div class="method">
                <div class="method-content">
                  <a name="Help">
                  </a> <!-- Help -->
                  <span class="method-name">Help</span>
                </div> <!-- method-content -->
              </div> <!-- method -->
            </div> <!-- main-panel-content rounded-window-bottom -->
          </div> <!-- suite-Suite-class-passed -->
        </div> <!-- panel Suite -->
        <div panel-name="test-xml-Suite" class="panel">
          <div class="main-panel-header rounded-window-top">
            <span class="header-content">C:\Users\khushipatel\eclipse-workspace\MySeleniumMavenAssignment\testng.xml</span>
          </div> <!-- main-panel-header rounded-window-top -->
          <div class="main-panel-content rounded-window-bottom">
            <pre>
&lt;?xml version=&quot;1.0&quot; encoding=&quot;UTF-8&quot;?&gt;
&lt;!DOCTYPE suite SYSTEM &quot;http://testng.org/testng-1.0.dtd&quot;&gt;
&lt;suite name=&quot;Suite&quot; guice-stage=&quot;DEVELOPMENT&quot;&gt;
  &lt;parameter name=&quot;password&quot; value=&quot;amzntester23&quot;/&gt;
  &lt;parameter name=&quot;Yourname&quot; value=&quot;KhushiQA123&quot;/&gt;
  &lt;parameter name=&quot;Email&quot; value=&quot;Mavennn@gmail.com&quot;/&gt;
  &lt;parameter name=&quot;blank&quot; value=&quot;&quot;/&gt;
  &lt;parameter name=&quot;quantity&quot; value=&quot;2&quot;/&gt;
  &lt;parameter name=&quot;twotabsearchtextbox&quot; value=&quot;selenium webdriver&quot;/&gt;
  &lt;parameter name=&quot;invalidemail&quot; value=&quot;amzn.tester232323@gmail.com&quot;/&gt;
  &lt;parameter name=&quot;email&quot; value=&quot;amzn.tester23@gmail.com&quot;/&gt;
  &lt;parameter name=&quot;Password&quot; value=&quot;123456&quot;/&gt;
  &lt;test thread-count=&quot;5&quot; name=&quot;Test&quot;&gt;
    &lt;groups&gt;
      &lt;run&gt;
        &lt;include name=&quot;sanity&quot;/&gt;
      &lt;/run&gt;
    &lt;/groups&gt;
    &lt;classes&gt;
      &lt;class name=&quot;com.MySeleniumMavenAssignment.tests.NewUserAccountTest&quot;/&gt;
      &lt;class name=&quot;com.MySeleniumMavenAssignment.tests.SignInTest&quot;/&gt;
      &lt;class name=&quot;com.MySeleniumMavenAssignment.tests.SearchboxTest&quot;/&gt;
      &lt;class name=&quot;com.MySeleniumMavenAssignment.tests.ShoppingCartTest&quot;/&gt;
      &lt;class name=&quot;com.MySeleniumMavenAssignment.tests.HelpTest&quot;/&gt;
    &lt;/classes&gt;
  &lt;/test&gt; &lt;!-- Test --&gt;
&lt;/suite&gt; &lt;!-- Suite --&gt;
            </pre>
          </div> <!-- main-panel-content rounded-window-bottom -->
        </div> <!-- panel -->
        <div panel-name="testlist-Suite" class="panel">
          <div class="main-panel-header rounded-window-top">
            <span class="header-content">Tests for Suite</span>
          </div> <!-- main-panel-header rounded-window-top -->
          <div class="main-panel-content rounded-window-bottom">
            <ul>
              <li>
                <span class="test-name">Test (5 classes)</span>
              </li>
            </ul>
          </div> <!-- main-panel-content rounded-window-bottom -->
        </div> <!-- panel -->
        <div panel-name="group-Suite" class="panel">
          <div class="main-panel-header rounded-window-top">
            <span class="header-content">Groups for Suite</span>
          </div> <!-- main-panel-header rounded-window-top -->
          <div class="main-panel-content rounded-window-bottom">
            <div class="test-group">
              <span class="test-group-name">invalid</span>
              <br/>
              <div class="method-in-group">
                <span class="method-in-group-name">AddToCart</span>
                <br/>
              </div> <!-- method-in-group -->
              <div class="method-in-group">
                <span class="method-in-group-name">BlankUserSignIn</span>
                <br/>
              </div> <!-- method-in-group -->
              <div class="method-in-group">
                <span class="method-in-group-name">Help</span>
                <br/>
              </div> <!-- method-in-group -->
              <div class="method-in-group">
                <span class="method-in-group-name">InValidUserSignIn</span>
                <br/>
              </div> <!-- method-in-group -->
              <div class="method-in-group">
                <span class="method-in-group-name">NewUserRegistration</span>
                <br/>
              </div> <!-- method-in-group -->
              <div class="method-in-group">
                <span class="method-in-group-name">Searchbox</span>
                <br/>
              </div> <!-- method-in-group -->
              <div class="method-in-group">
                <span class="method-in-group-name">ValidUserSignIn</span>
                <br/>
              </div> <!-- method-in-group -->
            </div> <!-- test-group -->
            <div class="test-group">
              <span class="test-group-name">sanity</span>
              <br/>
              <div class="method-in-group">
                <span class="method-in-group-name">AddToCart</span>
                <br/>
              </div> <!-- method-in-group -->
              <div class="method-in-group">
                <span class="method-in-group-name">BlankUserSignIn</span>
                <br/>
              </div> <!-- method-in-group -->
              <div class="method-in-group">
                <span class="method-in-group-name">Help</span>
                <br/>
              </div> <!-- method-in-group -->
              <div class="method-in-group">
                <span class="method-in-group-name">InValidUserSignIn</span>
                <br/>
              </div> <!-- method-in-group -->
              <div class="method-in-group">
                <span class="method-in-group-name">NewUserRegistration</span>
                <br/>
              </div> <!-- method-in-group -->
              <div class="method-in-group">
                <span class="method-in-group-name">Searchbox</span>
                <br/>
              </div> <!-- method-in-group -->
              <div class="method-in-group">
                <span class="method-in-group-name">ValidUserSignIn</span>
                <br/>
              </div> <!-- method-in-group -->
            </div> <!-- test-group -->
          </div> <!-- main-panel-content rounded-window-bottom -->
        </div> <!-- panel -->
        <div panel-name="times-Suite" class="panel">
          <div class="main-panel-header rounded-window-top">
            <span class="header-content">Times for Suite</span>
          </div> <!-- main-panel-header rounded-window-top -->
          <div class="main-panel-content rounded-window-bottom">
            <div class="times-div">
              <script type="text/javascript">
suiteTableInitFunctions.push('tableData_Suite');
function tableData_Suite() {
var data = new google.visualization.DataTable();
data.addColumn('number', 'Number');
data.addColumn('string', 'Method');
data.addColumn('string', 'Class');
data.addColumn('number', 'Time (ms)');
data.addRows(7);
data.setCell(0, 0, 0)
data.setCell(0, 1, 'AddToCart')
data.setCell(0, 2, 'com.MySeleniumMavenAssignment.tests.ShoppingCartTest')
data.setCell(0, 3, 9189);
data.setCell(1, 0, 1)
data.setCell(1, 1, 'ValidUserSignIn')
data.setCell(1, 2, 'com.MySeleniumMavenAssignment.tests.SignInTest')
data.setCell(1, 3, 2422);
data.setCell(2, 0, 2)
data.setCell(2, 1, 'Searchbox')
data.setCell(2, 2, 'com.MySeleniumMavenAssignment.tests.SearchboxTest')
data.setCell(2, 3, 2415);
data.setCell(3, 0, 3)
data.setCell(3, 1, 'NewUserRegistration')
data.setCell(3, 2, 'com.MySeleniumMavenAssignment.tests.NewUserAccountTest')
data.setCell(3, 3, 1675);
data.setCell(4, 0, 4)
data.setCell(4, 1, 'InValidUserSignIn')
data.setCell(4, 2, 'com.MySeleniumMavenAssignment.tests.SignInTest')
data.setCell(4, 3, 1622);
data.setCell(5, 0, 5)
data.setCell(5, 1, 'Help')
data.setCell(5, 2, 'com.MySeleniumMavenAssignment.tests.HelpTest')
data.setCell(5, 3, 1451);
data.setCell(6, 0, 6)
data.setCell(6, 1, 'BlankUserSignIn')
data.setCell(6, 2, 'com.MySeleniumMavenAssignment.tests.SignInTest')
data.setCell(6, 3, 1060);
window.suiteTableData['Suite']= { tableData: data, tableDiv: 'times-div-Suite'}
return data;
}
              </script>
              <span class="suite-total-time">Total running time: 19 seconds</span>
              <div id="times-div-Suite">
              </div> <!-- times-div-Suite -->
            </div> <!-- times-div -->
          </div> <!-- main-panel-content rounded-window-bottom -->
        </div> <!-- panel -->
        <div panel-name="reporter-Suite" class="panel">
          <div class="main-panel-header rounded-window-top">
            <span class="header-content">Reporter output for Suite</span>
          </div> <!-- main-panel-header rounded-window-top -->
          <div class="main-panel-content rounded-window-bottom">
          </div> <!-- main-panel-content rounded-window-bottom -->
        </div> <!-- panel -->
        <div panel-name="ignored-methods-Suite" class="panel">
          <div class="main-panel-header rounded-window-top">
            <span class="header-content">8 ignored methods</span>
          </div> <!-- main-panel-header rounded-window-top -->
          <div class="main-panel-content rounded-window-bottom">
            <div class="ignored-class-div">
              <span class="ignored-class-name">com.MySeleniumMavenAssignment.tests.ShoppingCartTest</span>
              <div class="ignored-methods-div">
                <span class="ignored-method-name">endReport</span>
                <br/>
                <span class="ignored-method-name">setExtent</span>
                <br/>
              </div> <!-- ignored-methods-div -->
            </div> <!-- ignored-class-div -->
            <div class="ignored-class-div">
              <span class="ignored-class-name">com.MySeleniumMavenAssignment.tests.SignInTest</span>
              <div class="ignored-methods-div">
                <span class="ignored-method-name">endReport</span>
                <br/>
                <span class="ignored-method-name">setExtent</span>
                <br/>
              </div> <!-- ignored-methods-div -->
            </div> <!-- ignored-class-div -->
            <div class="ignored-class-div">
              <span class="ignored-class-name">com.MySeleniumMavenAssignment.tests.SearchboxTest</span>
              <div class="ignored-methods-div">
                <span class="ignored-method-name">endReport</span>
                <br/>
                <span class="ignored-method-name">setExtent</span>
                <br/>
              </div> <!-- ignored-methods-div -->
            </div> <!-- ignored-class-div -->
            <div class="ignored-class-div">
              <span class="ignored-class-name">com.MySeleniumMavenAssignment.tests.HelpTest</span>
              <div class="ignored-methods-div">
                <span class="ignored-method-name">endReport</span>
                <br/>
                <span class="ignored-method-name">setExtent</span>
                <br/>
              </div> <!-- ignored-methods-div -->
            </div> <!-- ignored-class-div -->
          </div> <!-- main-panel-content rounded-window-bottom -->
        </div> <!-- panel -->
        <div panel-name="chronological-Suite" class="panel">
          <div class="main-panel-header rounded-window-top">
            <span class="header-content">Methods in chronological order</span>
          </div> <!-- main-panel-header rounded-window-top -->
          <div class="main-panel-content rounded-window-bottom">
            <div class="chronological-class">
              <div class="chronological-class-name">com.MySeleniumMavenAssignment.tests.NewUserAccountTest</div> <!-- chronological-class-name -->
              <div class="configuration-suite before">
                <span class="method-name">setExtent</span>
                <span class="method-start">0 ms</span>
              </div> <!-- configuration-suite before -->
              <div class="configuration-method before">
                <span class="method-name">intializeDriver</span>
                <span class="method-start">94 ms</span>
              </div> <!-- configuration-method before -->
              <div class="configuration-method before">
                <span class="method-name">openUrl</span>
                <span class="method-start">1743 ms</span>
              </div> <!-- configuration-method before -->
              <div class="configuration-method before">
                <span class="method-name">startTest(public void com.MySeleniumMavenAssignment.tests.NewUserAccountTest.NewUserRegistration(java.lang.Str...)</span>
                <span class="method-start">6840 ms</span>
              </div> <!-- configuration-method before -->
              <div class="test-method">
                <span class="method-name">NewUserRegistration(KhushiQA123, Mavennn@gmail.com, 123456)</span>
                <span class="method-start">6842 ms</span>
              </div> <!-- test-method -->
              <div class="configuration-method after">
                <span class="method-name">resultTest([TestResult name=NewUserRegistration status=SUCCESS method=NewUserAccountTest.NewUserRegistration(ja...)</span>
                <span class="method-start">8519 ms</span>
              </div> <!-- configuration-method after -->
              <div class="configuration-method after">
                <span class="method-name">testclose</span>
                <span class="method-start">8519 ms</span>
              </div> <!-- configuration-method after -->
            </div> <!-- chronological-class -->
            <div class="chronological-class">
              <div class="chronological-class-name">com.MySeleniumMavenAssignment.tests.SignInTest</div> <!-- chronological-class-name -->
              <div class="configuration-method before">
                <span class="method-name">intializeDriver</span>
                <span class="method-start">8558 ms</span>
              </div> <!-- configuration-method before -->
              <div class="configuration-method before">
                <span class="method-name">openUrl</span>
                <span class="method-start">9847 ms</span>
              </div> <!-- configuration-method before -->
              <div class="configuration-method before">
                <span class="method-name">startTest(public void com.MySeleniumMavenAssignment.tests.SignInTest.BlankUserSignIn(java.lang.String))</span>
                <span class="method-start">12408 ms</span>
              </div> <!-- configuration-method before -->
              <div class="test-method">
                <span class="method-name">BlankUserSignIn()</span>
                <span class="method-start">12410 ms</span>
              </div> <!-- test-method -->
              <div class="configuration-method after">
                <span class="method-name">resultTest([TestResult name=BlankUserSignIn status=SUCCESS method=SignInTest.BlankUserSignIn(java.lang.String)[...)</span>
                <span class="method-start">13479 ms</span>
              </div> <!-- configuration-method after -->
              <div class="configuration-method after">
                <span class="method-name">testclose</span>
                <span class="method-start">13479 ms</span>
              </div> <!-- configuration-method after -->
            </div> <!-- chronological-class -->
            <div class="chronological-class">
              <div class="chronological-class-name">com.MySeleniumMavenAssignment.tests.SearchboxTest</div> <!-- chronological-class-name -->
              <div class="configuration-method before">
                <span class="method-name">intializeDriver</span>
                <span class="method-start">13519 ms</span>
              </div> <!-- configuration-method before -->
              <div class="configuration-method before">
                <span class="method-name">openUrl</span>
                <span class="method-start">14832 ms</span>
              </div> <!-- configuration-method before -->
              <div class="configuration-method before">
                <span class="method-name">startTest(public void com.MySeleniumMavenAssignment.tests.SearchboxTest.Searchbox(java.lang.String))</span>
                <span class="method-start">16927 ms</span>
              </div> <!-- configuration-method before -->
              <div class="test-method">
                <span class="method-name">Searchbox(selenium webdriver)</span>
                <span class="method-start">16933 ms</span>
              </div> <!-- test-method -->
              <div class="configuration-method after">
                <span class="method-name">resultTest([TestResult name=Searchbox status=SUCCESS method=SearchboxTest.Searchbox(java.lang.String)[pri:0, in...)</span>
                <span class="method-start">19351 ms</span>
              </div> <!-- configuration-method after -->
              <div class="configuration-method after">
                <span class="method-name">testclose</span>
                <span class="method-start">19351 ms</span>
              </div> <!-- configuration-method after -->
            </div> <!-- chronological-class -->
            <div class="chronological-class">
              <div class="chronological-class-name">com.MySeleniumMavenAssignment.tests.ShoppingCartTest</div> <!-- chronological-class-name -->
              <div class="configuration-method before">
                <span class="method-name">intializeDriver</span>
                <span class="method-start">19383 ms</span>
              </div> <!-- configuration-method before -->
              <div class="configuration-method before">
                <span class="method-name">openUrl</span>
                <span class="method-start">20644 ms</span>
              </div> <!-- configuration-method before -->
              <div class="configuration-method before">
                <span class="method-name">startTest(public void com.MySeleniumMavenAssignment.tests.ShoppingCartTest.AddToCart(java.lang.String))</span>
                <span class="method-start">81164 ms</span>
              </div> <!-- configuration-method before -->
              <div class="test-method">
                <span class="method-name">AddToCart(2)</span>
                <span class="method-start">81164 ms</span>
              </div> <!-- test-method -->
              <div class="configuration-method after">
                <span class="method-name">resultTest([TestResult name=AddToCart status=SUCCESS method=ShoppingCartTest.AddToCart(java.lang.String)[pri:0,...)</span>
                <span class="method-start">90361 ms</span>
              </div> <!-- configuration-method after -->
              <div class="configuration-method after">
                <span class="method-name">testclose</span>
                <span class="method-start">90361 ms</span>
              </div> <!-- configuration-method after -->
            </div> <!-- chronological-class -->
            <div class="chronological-class">
              <div class="chronological-class-name">com.MySeleniumMavenAssignment.tests.HelpTest</div> <!-- chronological-class-name -->
              <div class="configuration-method before">
                <span class="method-name">intializeDriver</span>
                <span class="method-start">90403 ms</span>
              </div> <!-- configuration-method before -->
              <div class="configuration-method before">
                <span class="method-name">openUrl</span>
                <span class="method-start">91672 ms</span>
              </div> <!-- configuration-method before -->
              <div class="configuration-method before">
                <span class="method-name">startTest(public void com.MySeleniumMavenAssignment.tests.HelpTest.Help())</span>
                <span class="method-start">96761 ms</span>
              </div> <!-- configuration-method before -->
              <div class="test-method">
                <span class="method-name">Help</span>
                <span class="method-start">96761 ms</span>
              </div> <!-- test-method -->
              <div class="configuration-method after">
                <span class="method-name">resultTest([TestResult name=Help status=SUCCESS method=HelpTest.Help()[pri:0, instance:com.MySeleniumMavenAssig...)</span>
                <span class="method-start">98212 ms</span>
              </div> <!-- configuration-method after -->
              <div class="configuration-method after">
                <span class="method-name">testclose</span>
                <span class="method-start">98212 ms</span>
              </div> <!-- configuration-method after -->
            </div> <!-- chronological-class -->
            <div class="chronological-class">
              <div class="chronological-class-name">com.MySeleniumMavenAssignment.tests.SignInTest</div> <!-- chronological-class-name -->
              <div class="configuration-method before">
                <span class="method-name">intializeDriver</span>
                <span class="method-start">98260 ms</span>
              </div> <!-- configuration-method before -->
              <div class="configuration-method before">
                <span class="method-name">openUrl</span>
                <span class="method-start">99553 ms</span>
              </div> <!-- configuration-method before -->
              <div class="configuration-method before">
                <span class="method-name">startTest(public void com.MySeleniumMavenAssignment.tests.SignInTest.ValidUserSignIn(java.lang.String,java.lan...)</span>
                <span class="method-start">101737 ms</span>
              </div> <!-- configuration-method before -->
              <div class="test-method">
                <img src="failed.png">
                </img>
                <span class="method-name">ValidUserSignIn(amzn.tester23@gmail.com, amzntester23)</span>
                <span class="method-start">101737 ms</span>
              </div> <!-- test-method -->
              <div class="configuration-method after">
                <span class="method-name">resultTest([TestResult name=ValidUserSignIn status=FAILURE method=SignInTest.ValidUserSignIn(java.lang.String, ...)</span>
                <span class="method-start">104167 ms</span>
              </div> <!-- configuration-method after -->
              <div class="configuration-method after">
                <span class="method-name">testclose</span>
                <span class="method-start">104273 ms</span>
              </div> <!-- configuration-method after -->
              <div class="configuration-method before">
                <span class="method-name">intializeDriver</span>
                <span class="method-start">104310 ms</span>
              </div> <!-- configuration-method before -->
              <div class="configuration-method before">
                <span class="method-name">openUrl</span>
                <span class="method-start">105614 ms</span>
              </div> <!-- configuration-method before -->
              <div class="configuration-method before">
                <span class="method-name">startTest(public void com.MySeleniumMavenAssignment.tests.SignInTest.InValidUserSignIn(java.lang.String))</span>
                <span class="method-start">108263 ms</span>
              </div> <!-- configuration-method before -->
              <div class="test-method">
                <span class="method-name">InValidUserSignIn(amzn.tester232323@gmail.com)</span>
                <span class="method-start">108263 ms</span>
              </div> <!-- test-method -->
              <div class="configuration-method after">
                <span class="method-name">resultTest([TestResult name=InValidUserSignIn status=SUCCESS method=SignInTest.InValidUserSignIn(java.lang.Stri...)</span>
                <span class="method-start">109885 ms</span>
              </div> <!-- configuration-method after -->
              <div class="configuration-method after">
                <span class="method-name">testclose</span>
                <span class="method-start">109885 ms</span>
              </div> <!-- configuration-method after -->
            </div> <!-- chronological-class -->
            <div class="chronological-class">
              <div class="chronological-class-name">com.MySeleniumMavenAssignment.tests.NewUserAccountTest</div> <!-- chronological-class-name -->
              <div class="configuration-suite after">
                <span class="method-name">endReport</span>
                <span class="method-start">109966 ms</span>
              </div> <!-- configuration-suite after -->
          </div> <!-- main-panel-content rounded-window-bottom -->
        </div> <!-- panel -->
      </div> <!-- main-panel-root -->
    </div> <!-- wrapper -->
  </body>
</html>
