<?xml version="1.0" encoding="UTF-8"?>
<testng-results ignored="8" total="15" passed="6" failed="1" skipped="0">
  <reporter-output>
  </reporter-output>
  <suite started-at="2023-07-21T08:25:44Z" name="Suite" finished-at="2023-07-21T08:27:34Z" duration-ms="109857">
    <groups>
      <group name="invalid">
        <method signature="HelpTest.Help()[pri:0, instance:com.MySeleniumMavenAssignment.tests.HelpTest@37eeec90]" name="Help" class="com.MySeleniumMavenAssignment.tests.HelpTest"/>
        <method signature="NewUserAccountTest.NewUserRegistration(java.lang.String, java.lang.String, java.lang.String)[pri:0, instance:com.MySeleniumMavenAssignment.tests.NewUserAccountTest@114a85c2]" name="NewUserRegistration" class="com.MySeleniumMavenAssignment.tests.NewUserAccountTest"/>
        <method signature="SearchboxTest.Searchbox(java.lang.String)[pri:0, instance:com.MySeleniumMavenAssignment.tests.SearchboxTest@cf65451]" name="Searchbox" class="com.MySeleniumMavenAssignment.tests.SearchboxTest"/>
        <method signature="ShoppingCartTest.AddToCart(java.lang.String)[pri:0, instance:com.MySeleniumMavenAssignment.tests.ShoppingCartTest@724f138e]" name="AddToCart" class="com.MySeleniumMavenAssignment.tests.ShoppingCartTest"/>
        <method signature="SignInTest.BlankUserSignIn(java.lang.String)[pri:0, instance:com.MySeleniumMavenAssignment.tests.SignInTest@f415a95]" name="BlankUserSignIn" class="com.MySeleniumMavenAssignment.tests.SignInTest"/>
        <method signature="SignInTest.InValidUserSignIn(java.lang.String)[pri:2, instance:com.MySeleniumMavenAssignment.tests.SignInTest@f415a95]" name="InValidUserSignIn" class="com.MySeleniumMavenAssignment.tests.SignInTest"/>
        <method signature="SignInTest.ValidUserSignIn(java.lang.String, java.lang.String)[pri:1, instance:com.MySeleniumMavenAssignment.tests.SignInTest@f415a95]" name="ValidUserSignIn" class="com.MySeleniumMavenAssignment.tests.SignInTest"/>
      </group> <!-- invalid -->
      <group name="sanity">
        <method signature="HelpTest.Help()[pri:0, instance:com.MySeleniumMavenAssignment.tests.HelpTest@37eeec90]" name="Help" class="com.MySeleniumMavenAssignment.tests.HelpTest"/>
        <method signature="NewUserAccountTest.NewUserRegistration(java.lang.String, java.lang.String, java.lang.String)[pri:0, instance:com.MySeleniumMavenAssignment.tests.NewUserAccountTest@114a85c2]" name="NewUserRegistration" class="com.MySeleniumMavenAssignment.tests.NewUserAccountTest"/>
        <method signature="SearchboxTest.Searchbox(java.lang.String)[pri:0, instance:com.MySeleniumMavenAssignment.tests.SearchboxTest@cf65451]" name="Searchbox" class="com.MySeleniumMavenAssignment.tests.SearchboxTest"/>
        <method signature="ShoppingCartTest.AddToCart(java.lang.String)[pri:0, instance:com.MySeleniumMavenAssignment.tests.ShoppingCartTest@724f138e]" name="AddToCart" class="com.MySeleniumMavenAssignment.tests.ShoppingCartTest"/>
        <method signature="SignInTest.BlankUserSignIn(java.lang.String)[pri:0, instance:com.MySeleniumMavenAssignment.tests.SignInTest@f415a95]" name="BlankUserSignIn" class="com.MySeleniumMavenAssignment.tests.SignInTest"/>
        <method signature="SignInTest.InValidUserSignIn(java.lang.String)[pri:2, instance:com.MySeleniumMavenAssignment.tests.SignInTest@f415a95]" name="InValidUserSignIn" class="com.MySeleniumMavenAssignment.tests.SignInTest"/>
        <method signature="SignInTest.ValidUserSignIn(java.lang.String, java.lang.String)[pri:1, instance:com.MySeleniumMavenAssignment.tests.SignInTest@f415a95]" name="ValidUserSignIn" class="com.MySeleniumMavenAssignment.tests.SignInTest"/>
      </group> <!-- sanity -->
    </groups>
    <test started-at="2023-07-21T08:25:44Z" name="Test" finished-at="2023-07-21T08:27:34Z" duration-ms="109857">
      <class name="com.MySeleniumMavenAssignment.tests.NewUserAccountTest">
        <test-method is-config="true" signature="setExtent()[pri:0, instance:com.MySeleniumMavenAssignment.tests.NewUserAccountTest@114a85c2]" started-at="2023-07-21T08:25:44Z" name="setExtent" finished-at="2023-07-21T08:25:44Z" duration-ms="79" status="PASS">
          <reporter-output>
          </reporter-output>
        </test-method> <!-- setExtent -->
        <test-method is-config="true" signature="intializeDriver()[pri:0, instance:com.MySeleniumMavenAssignment.tests.NewUserAccountTest@114a85c2]" started-at="2023-07-21T08:25:44Z" name="intializeDriver" finished-at="2023-07-21T08:25:46Z" duration-ms="1649" status="PASS">
          <reporter-output>
          </reporter-output>
        </test-method> <!-- intializeDriver -->
        <test-method is-config="true" signature="openUrl()[pri:0, instance:com.MySeleniumMavenAssignment.tests.NewUserAccountTest@114a85c2]" started-at="2023-07-21T08:25:46Z" name="openUrl" finished-at="2023-07-21T08:25:51Z" duration-ms="5097" status="PASS">
          <reporter-output>
          </reporter-output>
        </test-method> <!-- openUrl -->
        <test-method is-config="true" signature="startTest(java.lang.reflect.Method)[pri:0, instance:com.MySeleniumMavenAssignment.tests.NewUserAccountTest@114a85c2]" started-at="2023-07-21T08:25:51Z" name="startTest" finished-at="2023-07-21T08:25:51Z" duration-ms="2" status="PASS">
          <params>
            <param index="0">
              <value>
                <![CDATA[public void com.MySeleniumMavenAssignment.tests.NewUserAccountTest.NewUserRegistration(java.lang.String,java.lang.String,java.lang.String)]]>
              </value>
            </param>
          </params>
          <reporter-output>
          </reporter-output>
        </test-method> <!-- startTest -->
        <test-method signature="NewUserRegistration(java.lang.String, java.lang.String, java.lang.String)[pri:0, instance:com.MySeleniumMavenAssignment.tests.NewUserAccountTest@114a85c2]" started-at="2023-07-21T08:25:51Z" name="NewUserRegistration" finished-at="2023-07-21T08:25:52Z" duration-ms="1675" status="PASS">
          <params>
            <param index="0">
              <value>
                <![CDATA[KhushiQA123]]>
              </value>
            </param>
            <param index="1">
              <value>
                <![CDATA[Mavennn@gmail.com]]>
              </value>
            </param>
            <param index="2">
              <value>
                <![CDATA[123456]]>
              </value>
            </param>
          </params>
          <reporter-output>
          </reporter-output>
        </test-method> <!-- NewUserRegistration -->
        <test-method is-config="true" signature="testclose()[pri:0, instance:com.MySeleniumMavenAssignment.tests.NewUserAccountTest@114a85c2]" started-at="2023-07-21T08:25:52Z" name="testclose" finished-at="2023-07-21T08:25:52Z" duration-ms="39" status="PASS">
          <reporter-output>
          </reporter-output>
        </test-method> <!-- testclose -->
        <test-method is-config="true" signature="resultTest(org.testng.ITestResult)[pri:0, instance:com.MySeleniumMavenAssignment.tests.NewUserAccountTest@114a85c2]" started-at="2023-07-21T08:25:52Z" name="resultTest" finished-at="2023-07-21T08:25:52Z" duration-ms="0" status="PASS">
          <params>
            <param index="0">
              <value>
                <![CDATA[[TestResult name=NewUserRegistration status=SUCCESS method=NewUserAccountTest.NewUserRegistration(java.lang.String, java.lang.String, java.lang.String)[pri:0, instance:com.MySeleniumMavenAssignment.tests.NewUserAccountTest@114a85c2] output={null}]]]>
              </value>
            </param>
          </params>
          <reporter-output>
          </reporter-output>
        </test-method> <!-- resultTest -->
        <test-method is-config="true" signature="endReport()[pri:0, instance:com.MySeleniumMavenAssignment.tests.NewUserAccountTest@114a85c2]" started-at="2023-07-21T08:27:34Z" name="endReport" finished-at="2023-07-21T08:27:34Z" duration-ms="225" status="PASS">
          <reporter-output>
          </reporter-output>
        </test-method> <!-- endReport -->
      </class> <!-- com.MySeleniumMavenAssignment.tests.NewUserAccountTest -->
      <class name="com.MySeleniumMavenAssignment.tests.SearchboxTest">
        <test-method is-config="true" signature="intializeDriver()[pri:0, instance:com.MySeleniumMavenAssignment.tests.SearchboxTest@cf65451]" started-at="2023-07-21T08:25:57Z" name="intializeDriver" finished-at="2023-07-21T08:25:59Z" duration-ms="1313" status="PASS">
          <reporter-output>
          </reporter-output>
        </test-method> <!-- intializeDriver -->
        <test-method is-config="true" signature="openUrl()[pri:0, instance:com.MySeleniumMavenAssignment.tests.SearchboxTest@cf65451]" started-at="2023-07-21T08:25:59Z" name="openUrl" finished-at="2023-07-21T08:26:01Z" duration-ms="2095" status="PASS">
          <reporter-output>
          </reporter-output>
        </test-method> <!-- openUrl -->
        <test-method is-config="true" signature="startTest(java.lang.reflect.Method)[pri:0, instance:com.MySeleniumMavenAssignment.tests.SearchboxTest@cf65451]" started-at="2023-07-21T08:26:01Z" name="startTest" finished-at="2023-07-21T08:26:01Z" duration-ms="6" status="PASS">
          <params>
            <param index="0">
              <value>
                <![CDATA[public void com.MySeleniumMavenAssignment.tests.SearchboxTest.Searchbox(java.lang.String)]]>
              </value>
            </param>
          </params>
          <reporter-output>
          </reporter-output>
        </test-method> <!-- startTest -->
        <test-method signature="Searchbox(java.lang.String)[pri:0, instance:com.MySeleniumMavenAssignment.tests.SearchboxTest@cf65451]" started-at="2023-07-21T08:26:01Z" name="Searchbox" finished-at="2023-07-21T08:26:03Z" duration-ms="2415" status="PASS">
          <params>
            <param index="0">
              <value>
                <![CDATA[selenium webdriver]]>
              </value>
            </param>
          </params>
          <reporter-output>
          </reporter-output>
        </test-method> <!-- Searchbox -->
        <test-method is-config="true" signature="testclose()[pri:0, instance:com.MySeleniumMavenAssignment.tests.SearchboxTest@cf65451]" started-at="2023-07-21T08:26:03Z" name="testclose" finished-at="2023-07-21T08:26:03Z" duration-ms="32" status="PASS">
          <reporter-output>
          </reporter-output>
        </test-method> <!-- testclose -->
        <test-method is-config="true" signature="resultTest(org.testng.ITestResult)[pri:0, instance:com.MySeleniumMavenAssignment.tests.SearchboxTest@cf65451]" started-at="2023-07-21T08:26:03Z" name="resultTest" finished-at="2023-07-21T08:26:03Z" duration-ms="0" status="PASS">
          <params>
            <param index="0">
              <value>
                <![CDATA[[TestResult name=Searchbox status=SUCCESS method=SearchboxTest.Searchbox(java.lang.String)[pri:0, instance:com.MySeleniumMavenAssignment.tests.SearchboxTest@cf65451] output={null}]]]>
              </value>
            </param>
          </params>
          <reporter-output>
          </reporter-output>
        </test-method> <!-- resultTest -->
      </class> <!-- com.MySeleniumMavenAssignment.tests.SearchboxTest -->
      <class name="com.MySeleniumMavenAssignment.tests.ShoppingCartTest">
        <test-method is-config="true" signature="intializeDriver()[pri:0, instance:com.MySeleniumMavenAssignment.tests.ShoppingCartTest@724f138e]" started-at="2023-07-21T08:26:03Z" name="intializeDriver" finished-at="2023-07-21T08:26:04Z" duration-ms="1261" status="PASS">
          <reporter-output>
          </reporter-output>
        </test-method> <!-- intializeDriver -->
        <test-method is-config="true" signature="openUrl()[pri:0, instance:com.MySeleniumMavenAssignment.tests.ShoppingCartTest@724f138e]" started-at="2023-07-21T08:26:04Z" name="openUrl" finished-at="2023-07-21T08:27:05Z" duration-ms="60520" status="PASS">
          <reporter-output>
          </reporter-output>
        </test-method> <!-- openUrl -->
        <test-method is-config="true" signature="startTest(java.lang.reflect.Method)[pri:0, instance:com.MySeleniumMavenAssignment.tests.ShoppingCartTest@724f138e]" started-at="2023-07-21T08:27:05Z" name="startTest" finished-at="2023-07-21T08:27:05Z" duration-ms="0" status="PASS">
          <params>
            <param index="0">
              <value>
                <![CDATA[public void com.MySeleniumMavenAssignment.tests.ShoppingCartTest.AddToCart(java.lang.String)]]>
              </value>
            </param>
          </params>
          <reporter-output>
          </reporter-output>
        </test-method> <!-- startTest -->
        <test-method signature="AddToCart(java.lang.String)[pri:0, instance:com.MySeleniumMavenAssignment.tests.ShoppingCartTest@724f138e]" started-at="2023-07-21T08:27:05Z" name="AddToCart" finished-at="2023-07-21T08:27:14Z" duration-ms="9189" status="PASS">
          <params>
            <param index="0">
              <value>
                <![CDATA[2]]>
              </value>
            </param>
          </params>
          <reporter-output>
          </reporter-output>
        </test-method> <!-- AddToCart -->
        <test-method is-config="true" signature="resultTest(org.testng.ITestResult)[pri:0, instance:com.MySeleniumMavenAssignment.tests.ShoppingCartTest@724f138e]" started-at="2023-07-21T08:27:14Z" name="resultTest" finished-at="2023-07-21T08:27:14Z" duration-ms="0" status="PASS">
          <params>
            <param index="0">
              <value>
                <![CDATA[[TestResult name=AddToCart status=SUCCESS method=ShoppingCartTest.AddToCart(java.lang.String)[pri:0, instance:com.MySeleniumMavenAssignment.tests.ShoppingCartTest@724f138e] output={null}]]]>
              </value>
            </param>
          </params>
          <reporter-output>
          </reporter-output>
        </test-method> <!-- resultTest -->
        <test-method is-config="true" signature="testclose()[pri:0, instance:com.MySeleniumMavenAssignment.tests.ShoppingCartTest@724f138e]" started-at="2023-07-21T08:27:14Z" name="testclose" finished-at="2023-07-21T08:27:14Z" duration-ms="42" status="PASS">
          <reporter-output>
          </reporter-output>
        </test-method> <!-- testclose -->
      </class> <!-- com.MySeleniumMavenAssignment.tests.ShoppingCartTest -->
      <class name="com.MySeleniumMavenAssignment.tests.SignInTest">
        <test-method is-config="true" signature="intializeDriver()[pri:0, instance:com.MySeleniumMavenAssignment.tests.SignInTest@f415a95]" started-at="2023-07-21T08:25:52Z" name="intializeDriver" finished-at="2023-07-21T08:25:54Z" duration-ms="1289" status="PASS">
          <reporter-output>
          </reporter-output>
        </test-method> <!-- intializeDriver -->
        <test-method is-config="true" signature="openUrl()[pri:0, instance:com.MySeleniumMavenAssignment.tests.SignInTest@f415a95]" started-at="2023-07-21T08:25:54Z" name="openUrl" finished-at="2023-07-21T08:25:56Z" duration-ms="2561" status="PASS">
          <reporter-output>
          </reporter-output>
        </test-method> <!-- openUrl -->
        <test-method is-config="true" signature="startTest(java.lang.reflect.Method)[pri:0, instance:com.MySeleniumMavenAssignment.tests.SignInTest@f415a95]" started-at="2023-07-21T08:25:56Z" name="startTest" finished-at="2023-07-21T08:25:56Z" duration-ms="2" status="PASS">
          <params>
            <param index="0">
              <value>
                <![CDATA[public void com.MySeleniumMavenAssignment.tests.SignInTest.BlankUserSignIn(java.lang.String)]]>
              </value>
            </param>
          </params>
          <reporter-output>
          </reporter-output>
        </test-method> <!-- startTest -->
        <test-method signature="BlankUserSignIn(java.lang.String)[pri:0, instance:com.MySeleniumMavenAssignment.tests.SignInTest@f415a95]" started-at="2023-07-21T08:25:56Z" name="BlankUserSignIn" finished-at="2023-07-21T08:25:57Z" duration-ms="1060" status="PASS">
          <params>
            <param index="0">
              <value>
                <![CDATA[]]>
              </value>
            </param>
          </params>
          <reporter-output>
          </reporter-output>
        </test-method> <!-- BlankUserSignIn -->
        <test-method is-config="true" signature="testclose()[pri:0, instance:com.MySeleniumMavenAssignment.tests.SignInTest@f415a95]" started-at="2023-07-21T08:25:57Z" name="testclose" finished-at="2023-07-21T08:25:57Z" duration-ms="40" status="PASS">
          <reporter-output>
          </reporter-output>
        </test-method> <!-- testclose -->
        <test-method is-config="true" signature="resultTest(org.testng.ITestResult)[pri:0, instance:com.MySeleniumMavenAssignment.tests.SignInTest@f415a95]" started-at="2023-07-21T08:25:57Z" name="resultTest" finished-at="2023-07-21T08:25:57Z" duration-ms="0" status="PASS">
          <params>
            <param index="0">
              <value>
                <![CDATA[[TestResult name=BlankUserSignIn status=SUCCESS method=SignInTest.BlankUserSignIn(java.lang.String)[pri:0, instance:com.MySeleniumMavenAssignment.tests.SignInTest@f415a95] output={null}]]]>
              </value>
            </param>
          </params>
          <reporter-output>
          </reporter-output>
        </test-method> <!-- resultTest -->
        <test-method is-config="true" signature="intializeDriver()[pri:0, instance:com.MySeleniumMavenAssignment.tests.SignInTest@f415a95]" started-at="2023-07-21T08:27:22Z" name="intializeDriver" finished-at="2023-07-21T08:27:23Z" duration-ms="1293" status="PASS">
          <reporter-output>
          </reporter-output>
        </test-method> <!-- intializeDriver -->
        <test-method is-config="true" signature="openUrl()[pri:0, instance:com.MySeleniumMavenAssignment.tests.SignInTest@f415a95]" started-at="2023-07-21T08:27:23Z" name="openUrl" finished-at="2023-07-21T08:27:25Z" duration-ms="2184" status="PASS">
          <reporter-output>
          </reporter-output>
        </test-method> <!-- openUrl -->
        <test-method signature="ValidUserSignIn(java.lang.String, java.lang.String)[pri:1, instance:com.MySeleniumMavenAssignment.tests.SignInTest@f415a95]" started-at="2023-07-21T08:27:25Z" name="ValidUserSignIn" finished-at="2023-07-21T08:27:28Z" duration-ms="2422" status="FAIL">
          <params>
            <param index="0">
              <value>
                <![CDATA[amzn.tester23@gmail.com]]>
              </value>
            </param>
            <param index="1">
              <value>
                <![CDATA[amzntester23]]>
              </value>
            </param>
          </params>
          <exception class="org.openqa.selenium.NoSuchElementException">
            <message>
              <![CDATA[no such element: Unable to locate element: {"method":"css selector","selector":"*[name='password']"}
  (Session info: headless chrome=114.0.5735.199)
For documentation on this error, please visit: https://www.seleniumhq.org/exceptions/no_such_element.html
Build info: version: '3.141.59', revision: 'e82be7d358', time: '2018-11-14T08:17:03'
System info: host: 'IN-HL5L1J3', ip: '10.175.28.253', os.name: 'Windows 10', os.arch: 'amd64', os.version: '10.0', java.version: '11.0.1'
Driver info: org.openqa.selenium.chrome.ChromeDriver
Capabilities {acceptInsecureCerts: false, browserName: chrome, browserVersion: 114.0.5735.199, chrome: {chromedriverVersion: 114.0.5735.90 (386bc09e8f4f..., userDataDir: C:\Users\KHUSHI~1\AppData\L...}, goog:chromeOptions: {debuggerAddress: localhost:63311}, javascriptEnabled: true, networkConnectionEnabled: false, pageLoadStrategy: normal, platform: WINDOWS, platformName: WINDOWS, proxy: Proxy(), setWindowRect: true, strictFileInteractability: false, timeouts: {implicit: 0, pageLoad: 300000, script: 30000}, unhandledPromptBehavior: dismiss and notify, webauthn:extension:credBlob: true, webauthn:extension:largeBlob: true, webauthn:extension:minPinLength: true, webauthn:extension:prf: true, webauthn:virtualAuthenticators: true}
Session ID: 2e9ffabe8cf5ea5544e64ae91bee6930
*** Element info: {Using=name, value=password}]]>
            </message>
            <full-stacktrace>
              <![CDATA[org.openqa.selenium.NoSuchElementException: no such element: Unable to locate element: {"method":"css selector","selector":"*[name='password']"}
  (Session info: headless chrome=114.0.5735.199)
For documentation on this error, please visit: https://www.seleniumhq.org/exceptions/no_such_element.html
Build info: version: '3.141.59', revision: 'e82be7d358', time: '2018-11-14T08:17:03'
System info: host: 'IN-HL5L1J3', ip: '10.175.28.253', os.name: 'Windows 10', os.arch: 'amd64', os.version: '10.0', java.version: '11.0.1'
Driver info: org.openqa.selenium.chrome.ChromeDriver
Capabilities {acceptInsecureCerts: false, browserName: chrome, browserVersion: 114.0.5735.199, chrome: {chromedriverVersion: 114.0.5735.90 (386bc09e8f4f..., userDataDir: C:\Users\KHUSHI~1\AppData\L...}, goog:chromeOptions: {debuggerAddress: localhost:63311}, javascriptEnabled: true, networkConnectionEnabled: false, pageLoadStrategy: normal, platform: WINDOWS, platformName: WINDOWS, proxy: Proxy(), setWindowRect: true, strictFileInteractability: false, timeouts: {implicit: 0, pageLoad: 300000, script: 30000}, unhandledPromptBehavior: dismiss and notify, webauthn:extension:credBlob: true, webauthn:extension:largeBlob: true, webauthn:extension:minPinLength: true, webauthn:extension:prf: true, webauthn:virtualAuthenticators: true}
Session ID: 2e9ffabe8cf5ea5544e64ae91bee6930
*** Element info: {Using=name, value=password}
at java.base/jdk.internal.reflect.NativeConstructorAccessorImpl.newInstance0(Native Method)
at java.base/jdk.internal.reflect.NativeConstructorAccessorImpl.newInstance(NativeConstructorAccessorImpl.java:62)
at java.base/jdk.internal.reflect.DelegatingConstructorAccessorImpl.newInstance(DelegatingConstructorAccessorImpl.java:45)
at java.base/java.lang.reflect.Constructor.newInstance(Constructor.java:490)
at org.openqa.selenium.remote.http.W3CHttpResponseCodec.createException(W3CHttpResponseCodec.java:187)
at org.openqa.selenium.remote.http.W3CHttpResponseCodec.decode(W3CHttpResponseCodec.java:122)
at org.openqa.selenium.remote.http.W3CHttpResponseCodec.decode(W3CHttpResponseCodec.java:49)
at org.openqa.selenium.remote.HttpCommandExecutor.execute(HttpCommandExecutor.java:158)
at org.openqa.selenium.remote.service.DriverCommandExecutor.execute(DriverCommandExecutor.java:83)
at org.openqa.selenium.remote.RemoteWebDriver.execute(RemoteWebDriver.java:552)
at org.openqa.selenium.remote.RemoteWebDriver.findElement(RemoteWebDriver.java:323)
at org.openqa.selenium.remote.RemoteWebDriver.findElementByName(RemoteWebDriver.java:404)
at org.openqa.selenium.By$ByName.findElement(By.java:284)
at org.openqa.selenium.remote.RemoteWebDriver.findElement(RemoteWebDriver.java:315)
at org.openqa.selenium.support.pagefactory.DefaultElementLocator.findElement(DefaultElementLocator.java:69)
at org.openqa.selenium.support.pagefactory.internal.LocatingElementHandler.invoke(LocatingElementHandler.java:38)
at com.sun.proxy.$Proxy29.sendKeys(Unknown Source)
at com.MySeleniumMavenAssignment.pages.SignInPage.enterPass(SignInPage.java:43)
at com.MySeleniumMavenAssignment.tests.SignInTest.ValidUserSignIn(SignInTest.java:23)
at java.base/jdk.internal.reflect.NativeMethodAccessorImpl.invoke0(Native Method)
at java.base/jdk.internal.reflect.NativeMethodAccessorImpl.invoke(NativeMethodAccessorImpl.java:62)
at java.base/jdk.internal.reflect.DelegatingMethodAccessorImpl.invoke(DelegatingMethodAccessorImpl.java:43)
at java.base/java.lang.reflect.Method.invoke(Method.java:566)
at org.testng.internal.MethodInvocationHelper.invokeMethod(MethodInvocationHelper.java:124)
at org.testng.internal.Invoker.invokeMethod(Invoker.java:583)
at org.testng.internal.Invoker.invokeTestMethod(Invoker.java:719)
at org.testng.internal.Invoker.invokeTestMethods(Invoker.java:989)
at org.testng.internal.TestMethodWorker.invokeTestMethods(TestMethodWorker.java:125)
at org.testng.internal.TestMethodWorker.run(TestMethodWorker.java:109)
at org.testng.TestRunner.privateRun(TestRunner.java:648)
at org.testng.TestRunner.run(TestRunner.java:505)
at org.testng.SuiteRunner.runTest(SuiteRunner.java:455)
at org.testng.SuiteRunner.runSequentially(SuiteRunner.java:450)
at org.testng.SuiteRunner.privateRun(SuiteRunner.java:415)
at org.testng.SuiteRunner.run(SuiteRunner.java:364)
at org.testng.SuiteRunnerWorker.runSuite(SuiteRunnerWorker.java:52)
at org.testng.SuiteRunnerWorker.run(SuiteRunnerWorker.java:84)
at org.testng.TestNG.runSuitesSequentially(TestNG.java:1208)
at org.testng.TestNG.runSuitesLocally(TestNG.java:1137)
at org.testng.TestNG.runSuites(TestNG.java:1049)
at org.testng.TestNG.run(TestNG.java:1017)
at org.testng.remote.AbstractRemoteTestNG.run(AbstractRemoteTestNG.java:115)
at org.testng.remote.RemoteTestNG.initAndRun(RemoteTestNG.java:251)
at org.testng.remote.RemoteTestNG.main(RemoteTestNG.java:77)
]]>
            </full-stacktrace>
          </exception> <!-- org.openqa.selenium.NoSuchElementException -->
          <reporter-output>
          </reporter-output>
        </test-method> <!-- ValidUserSignIn -->
        <test-method is-config="true" signature="startTest(java.lang.reflect.Method)[pri:0, instance:com.MySeleniumMavenAssignment.tests.SignInTest@f415a95]" started-at="2023-07-21T08:27:25Z" name="startTest" finished-at="2023-07-21T08:27:25Z" duration-ms="0" status="PASS">
          <params>
            <param index="0">
              <value>
                <![CDATA[public void com.MySeleniumMavenAssignment.tests.SignInTest.ValidUserSignIn(java.lang.String,java.lang.String)]]>
              </value>
            </param>
          </params>
          <reporter-output>
          </reporter-output>
        </test-method> <!-- startTest -->
        <test-method is-config="true" signature="resultTest(org.testng.ITestResult)[pri:0, instance:com.MySeleniumMavenAssignment.tests.SignInTest@f415a95]" started-at="2023-07-21T08:27:28Z" name="resultTest" finished-at="2023-07-21T08:27:28Z" duration-ms="106" status="PASS">
          <params>
            <param index="0">
              <value>
                <![CDATA[[TestResult name=ValidUserSignIn status=FAILURE method=SignInTest.ValidUserSignIn(java.lang.String, java.lang.String)[pri:1, instance:com.MySeleniumMavenAssignment.tests.SignInTest@f415a95] output={null}]]]>
              </value>
            </param>
          </params>
          <reporter-output>
          </reporter-output>
        </test-method> <!-- resultTest -->
        <test-method is-config="true" signature="testclose()[pri:0, instance:com.MySeleniumMavenAssignment.tests.SignInTest@f415a95]" started-at="2023-07-21T08:27:28Z" name="testclose" finished-at="2023-07-21T08:27:28Z" duration-ms="37" status="PASS">
          <reporter-output>
          </reporter-output>
        </test-method> <!-- testclose -->
        <test-method is-config="true" signature="intializeDriver()[pri:0, instance:com.MySeleniumMavenAssignment.tests.SignInTest@f415a95]" started-at="2023-07-21T08:27:28Z" name="intializeDriver" finished-at="2023-07-21T08:27:29Z" duration-ms="1303" status="PASS">
          <reporter-output>
          </reporter-output>
        </test-method> <!-- intializeDriver -->
        <test-method is-config="true" signature="openUrl()[pri:0, instance:com.MySeleniumMavenAssignment.tests.SignInTest@f415a95]" started-at="2023-07-21T08:27:29Z" name="openUrl" finished-at="2023-07-21T08:27:32Z" duration-ms="2649" status="PASS">
          <reporter-output>
          </reporter-output>
        </test-method> <!-- openUrl -->
        <test-method is-config="true" signature="startTest(java.lang.reflect.Method)[pri:0, instance:com.MySeleniumMavenAssignment.tests.SignInTest@f415a95]" started-at="2023-07-21T08:27:32Z" name="startTest" finished-at="2023-07-21T08:27:32Z" duration-ms="0" status="PASS">
          <params>
            <param index="0">
              <value>
                <![CDATA[public void com.MySeleniumMavenAssignment.tests.SignInTest.InValidUserSignIn(java.lang.String)]]>
              </value>
            </param>
          </params>
          <reporter-output>
          </reporter-output>
        </test-method> <!-- startTest -->
        <test-method signature="InValidUserSignIn(java.lang.String)[pri:2, instance:com.MySeleniumMavenAssignment.tests.SignInTest@f415a95]" started-at="2023-07-21T08:27:32Z" name="InValidUserSignIn" finished-at="2023-07-21T08:27:34Z" duration-ms="1622" status="PASS">
          <params>
            <param index="0">
              <value>
                <![CDATA[amzn.tester232323@gmail.com]]>
              </value>
            </param>
          </params>
          <reporter-output>
          </reporter-output>
        </test-method> <!-- InValidUserSignIn -->
        <test-method is-config="true" signature="resultTest(org.testng.ITestResult)[pri:0, instance:com.MySeleniumMavenAssignment.tests.SignInTest@f415a95]" started-at="2023-07-21T08:27:34Z" name="resultTest" finished-at="2023-07-21T08:27:34Z" duration-ms="0" status="PASS">
          <params>
            <param index="0">
              <value>
                <![CDATA[[TestResult name=InValidUserSignIn status=SUCCESS method=SignInTest.InValidUserSignIn(java.lang.String)[pri:2, instance:com.MySeleniumMavenAssignment.tests.SignInTest@f415a95] output={null}]]]>
              </value>
            </param>
          </params>
          <reporter-output>
          </reporter-output>
        </test-method> <!-- resultTest -->
        <test-method is-config="true" signature="testclose()[pri:0, instance:com.MySeleniumMavenAssignment.tests.SignInTest@f415a95]" started-at="2023-07-21T08:27:34Z" name="testclose" finished-at="2023-07-21T08:27:34Z" duration-ms="51" status="PASS">
          <reporter-output>
          </reporter-output>
        </test-method> <!-- testclose -->
      </class> <!-- com.MySeleniumMavenAssignment.tests.SignInTest -->
      <class name="com.MySeleniumMavenAssignment.tests.HelpTest">
        <test-method is-config="true" signature="intializeDriver()[pri:0, instance:com.MySeleniumMavenAssignment.tests.HelpTest@37eeec90]" started-at="2023-07-21T08:27:14Z" name="intializeDriver" finished-at="2023-07-21T08:27:15Z" duration-ms="1269" status="PASS">
          <reporter-output>
          </reporter-output>
        </test-method> <!-- intializeDriver -->
        <test-method is-config="true" signature="openUrl()[pri:0, instance:com.MySeleniumMavenAssignment.tests.HelpTest@37eeec90]" started-at="2023-07-21T08:27:15Z" name="openUrl" finished-at="2023-07-21T08:27:21Z" duration-ms="5087" status="PASS">
          <reporter-output>
          </reporter-output>
        </test-method> <!-- openUrl -->
        <test-method is-config="true" signature="startTest(java.lang.reflect.Method)[pri:0, instance:com.MySeleniumMavenAssignment.tests.HelpTest@37eeec90]" started-at="2023-07-21T08:27:21Z" name="startTest" finished-at="2023-07-21T08:27:21Z" duration-ms="0" status="PASS">
          <params>
            <param index="0">
              <value>
                <![CDATA[public void com.MySeleniumMavenAssignment.tests.HelpTest.Help()]]>
              </value>
            </param>
          </params>
          <reporter-output>
          </reporter-output>
        </test-method> <!-- startTest -->
        <test-method signature="Help()[pri:0, instance:com.MySeleniumMavenAssignment.tests.HelpTest@37eeec90]" started-at="2023-07-21T08:27:21Z" name="Help" finished-at="2023-07-21T08:27:22Z" duration-ms="1451" status="PASS">
          <reporter-output>
          </reporter-output>
        </test-method> <!-- Help -->
        <test-method is-config="true" signature="resultTest(org.testng.ITestResult)[pri:0, instance:com.MySeleniumMavenAssignment.tests.HelpTest@37eeec90]" started-at="2023-07-21T08:27:22Z" name="resultTest" finished-at="2023-07-21T08:27:22Z" duration-ms="0" status="PASS">
          <params>
            <param index="0">
              <value>
                <![CDATA[[TestResult name=Help status=SUCCESS method=HelpTest.Help()[pri:0, instance:com.MySeleniumMavenAssignment.tests.HelpTest@37eeec90] output={null}]]]>
              </value>
            </param>
          </params>
          <reporter-output>
          </reporter-output>
        </test-method> <!-- resultTest -->
        <test-method is-config="true" signature="testclose()[pri:0, instance:com.MySeleniumMavenAssignment.tests.HelpTest@37eeec90]" started-at="2023-07-21T08:27:22Z" name="testclose" finished-at="2023-07-21T08:27:22Z" duration-ms="48" status="PASS">
          <reporter-output>
          </reporter-output>
        </test-method> <!-- testclose -->
      </class> <!-- com.MySeleniumMavenAssignment.tests.HelpTest -->
    </test> <!-- Test -->
  </suite> <!-- Suite -->
</testng-results>
